Fitting model 1...

[1m  1/236[0m [37mâ”â”â”â”â”â”â”â”â”â”â”â”â”â”â”â”â”â”â”â”[0m [1m5s[0m 24ms/step - accuracy: 0.9062 - loss: 0.1849
[1m 13/236[0m [32mâ”[0m[37mâ”â”â”â”â”â”â”â”â”â”â”â”â”â”â”â”â”â”â”[0m [1m0s[0m 4ms/step - accuracy: 0.8925 - loss: 0.2348 
[1m 26/236[0m [32mâ”â”[0m[37mâ”â”â”â”â”â”â”â”â”â”â”â”â”â”â”â”â”â”[0m [1m0s[0m 4ms/step - accuracy: 0.8899 - loss: 0.2474
[1m 40/236[0m [32mâ”â”â”[0m[37mâ”â”â”â”â”â”â”â”â”â”â”â”â”â”â”â”â”[0m [1m0s[0m 4ms/step - accuracy: 0.8901 - loss: 0.2497
[1m 54/236[0m [32mâ”â”â”â”[0m[37mâ”â”â”â”â”â”â”â”â”â”â”â”â”â”â”â”[0m [1m0s[0m 4ms/step - accuracy: 0.8907 - loss: 0.2480
[1m 66/236[0m [32mâ”â”â”â”â”[0m[37mâ”â”â”â”â”â”â”â”â”â”â”â”â”â”â”[0m [1m0s[0m 4ms/step - accuracy: 0.8893 - loss: 0.2492
[1m 78/236[0m [32mâ”â”â”â”â”â”[0m[37mâ”â”â”â”â”â”â”â”â”â”â”â”â”â”[0m [1m0s[0m 4ms/step - accuracy: 0.8882 - loss: 0.2508
[1m 91/236[0m [32mâ”â”â”â”â”â”â”[0m[37mâ”â”â”â”â”â”â”â”â”â”â”â”â”[0m [1m0s[0m 4ms/step - accuracy: 0.8875 - loss: 0.2527
[1m104/236[0m [32mâ”â”â”â”â”â”â”â”[0m[37mâ”â”â”â”â”â”â”â”â”â”â”â”[0m [1m0s[0m 4ms/step - accuracy: 0.8870 - loss: 0.2540
[1m117/236[0m [32mâ”â”â”â”â”â”â”â”â”[0m[37mâ”â”â”â”â”â”â”â”â”â”â”[0m [1m0s[0m 4ms/step - accuracy: 0.8867 - loss: 0.2553
[1m129/236[0m [32mâ”â”â”â”â”â”â”â”â”â”[0m[37mâ”â”â”â”â”â”â”â”â”â”[0m [1m0s[0m 4ms/step - accuracy: 0.8864 - loss: 0.2563
[1m141/236[0m [32mâ”â”â”â”â”â”â”â”â”â”â”[0m[37mâ”â”â”â”â”â”â”â”â”[0m [1m0s[0m 4ms/step - accuracy: 0.8860 - loss: 0.2572
[1m153/236[0m [32mâ”â”â”â”â”â”â”â”â”â”â”â”[0m[37mâ”â”â”â”â”â”â”â”[0m [1m0s[0m 4ms/step - accuracy: 0.8857 - loss: 0.2580
[1m165/236[0m [32mâ”â”â”â”â”â”â”â”â”â”â”â”â”[0m[37mâ”â”â”â”â”â”â”[0m [1m0s[0m 4ms/step - accuracy: 0.8855 - loss: 0.2587
[1m177/236[0m [32mâ”â”â”â”â”â”â”â”â”â”â”â”â”â”â”[0m[37mâ”â”â”â”â”[0m [1m0s[0m 4ms/step - accuracy: 0.8852 - loss: 0.2594
[1m189/236[0m [32mâ”â”â”â”â”â”â”â”â”â”â”â”â”â”â”â”[0m[37mâ”â”â”â”[0m [1m0s[0m 4ms/step - accuracy: 0.8850 - loss: 0.2598
[1m200/236[0m [32mâ”â”â”â”â”â”â”â”â”â”â”â”â”â”â”â”[0m[37mâ”â”â”â”[0m [1m0s[0m 4ms/step - accuracy: 0.8849 - loss: 0.2602
[1m211/236[0m [32mâ”â”â”â”â”â”â”â”â”â”â”â”â”â”â”â”â”[0m[37mâ”â”â”[0m [1m0s[0m 4ms/step - accuracy: 0.8847 - loss: 0.2606
[1m222/236[0m [32mâ”â”â”â”â”â”â”â”â”â”â”â”â”â”â”â”â”â”[0m[37mâ”â”[0m [1m0s[0m 4ms/step - accuracy: 0.8845 - loss: 0.2610
[1m232/236[0m [32mâ”â”â”â”â”â”â”â”â”â”â”â”â”â”â”â”â”â”â”[0m[37mâ”[0m [1m0s[0m 4ms/step - accuracy: 0.8843 - loss: 0.2614
[1m236/236[0m [32mâ”â”â”â”â”â”â”â”â”â”â”â”â”â”â”â”â”â”â”â”[0m[37m[0m [1m1s[0m 4ms/step - accuracy: 0.8843 - loss: 0.2616
Loss: 0.2693306803703308, Accuracy: 0.8806207776069641
Running prediction 1...

[1m   1/6224[0m [37mâ”â”â”â”â”â”â”â”â”â”â”â”â”â”â”â”â”â”â”â”[0m [1m30:32[0m 295ms/step
[1m  10/6224[0m [37mâ”â”â”â”â”â”â”â”â”â”â”â”â”â”â”â”â”â”â”â”[0m [1m35s[0m 6ms/step    
[1m  22/6224[0m [37mâ”â”â”â”â”â”â”â”â”â”â”â”â”â”â”â”â”â”â”â”[0m [1m31s[0m 5ms/step
[1m  34/6224[0m [37mâ”â”â”â”â”â”â”â”â”â”â”â”â”â”â”â”â”â”â”â”[0m [1m30s[0m 5ms/step
[1m  46/6224[0m [37mâ”â”â”â”â”â”â”â”â”â”â”â”â”â”â”â”â”â”â”â”[0m [1m29s[0m 5ms/step
[1m  58/6224[0m [37mâ”â”â”â”â”â”â”â”â”â”â”â”â”â”â”â”â”â”â”â”[0m [1m29s[0m 5ms/step
[1m  70/6224[0m [37mâ”â”â”â”â”â”â”â”â”â”â”â”â”â”â”â”â”â”â”â”[0m [1m28s[0m 5ms/step
[1m  81/6224[0m [37mâ”â”â”â”â”â”â”â”â”â”â”â”â”â”â”â”â”â”â”â”[0m [1m28s[0m 5ms/step
[1m  92/6224[0m [37mâ”â”â”â”â”â”â”â”â”â”â”â”â”â”â”â”â”â”â”â”[0m [1m28s[0m 5ms/step
[1m 103/6224[0m [37mâ”â”â”â”â”â”â”â”â”â”â”â”â”â”â”â”â”â”â”â”[0m [1m28s[0m 5ms/step
[1m 115/6224[0m [37mâ”â”â”â”â”â”â”â”â”â”â”â”â”â”â”â”â”â”â”â”[0m [1m28s[0m 5ms/step
[1m 127/6224[0m [37mâ”â”â”â”â”â”â”â”â”â”â”â”â”â”â”â”â”â”â”â”[0m [1m28s[0m 5ms/step
[1m 138/6224[0m [37mâ”â”â”â”â”â”â”â”â”â”â”â”â”â”â”â”â”â”â”â”[0m [1m28s[0m 5ms/step
[1m 149/6224[0m [37mâ”â”â”â”â”â”â”â”â”â”â”â”â”â”â”â”â”â”â”â”[0m [1m28s[0m 5ms/step
[1m 159/6224[0m [37mâ”â”â”â”â”â”â”â”â”â”â”â”â”â”â”â”â”â”â”â”[0m [1m28s[0m 5ms/step
[1m 168/6224[0m [37mâ”â”â”â”â”â”â”â”â”â”â”â”â”â”â”â”â”â”â”â”[0m [1m28s[0m 5ms/step
[1m 178/6224[0m [37mâ”â”â”â”â”â”â”â”â”â”â”â”â”â”â”â”â”â”â”â”[0m [1m29s[0m 5ms/step
[1m 188/6224[0m [37mâ”â”â”â”â”â”â”â”â”â”â”â”â”â”â”â”â”â”â”â”[0m [1m29s[0m 5ms/step
[1m 197/6224[0m [37mâ”â”â”â”â”â”â”â”â”â”â”â”â”â”â”â”â”â”â”â”[0m [1m29s[0m 5ms/step
[1m 206/6224[0m [37mâ”â”â”â”â”â”â”â”â”â”â”â”â”â”â”â”â”â”â”â”[0m [1m29s[0m 5ms/step
[1m 215/6224[0m [37mâ”â”â”â”â”â”â”â”â”â”â”â”â”â”â”â”â”â”â”â”[0m [1m29s[0m 5ms/step
[1m 224/6224[0m [37mâ”â”â”â”â”â”â”â”â”â”â”â”â”â”â”â”â”â”â”â”[0m [1m30s[0m 5ms/step
[1m 233/6224[0m [37mâ”â”â”â”â”â”â”â”â”â”â”â”â”â”â”â”â”â”â”â”[0m [1m30s[0m 5ms/step
[1m 242/6224[0m [37mâ”â”â”â”â”â”â”â”â”â”â”â”â”â”â”â”â”â”â”â”[0m [1m30s[0m 5ms/step
[1m 251/6224[0m [37mâ”â”â”â”â”â”â”â”â”â”â”â”â”â”â”â”â”â”â”â”[0m [1m30s[0m 5ms/step
[1m 260/6224[0m [37mâ”â”â”â”â”â”â”â”â”â”â”â”â”â”â”â”â”â”â”â”[0m [1m30s[0m 5ms/step
[1m 269/6224[0m [37mâ”â”â”â”â”â”â”â”â”â”â”â”â”â”â”â”â”â”â”â”[0m [1m30s[0m 5ms/step
[1m 278/6224[0m [37mâ”â”â”â”â”â”â”â”â”â”â”â”â”â”â”â”â”â”â”â”[0m [1m30s[0m 5ms/step
[1m 287/6224[0m [37mâ”â”â”â”â”â”â”â”â”â”â”â”â”â”â”â”â”â”â”â”[0m [1m30s[0m 5ms/step
[1m 296/6224[0m [37mâ”â”â”â”â”â”â”â”â”â”â”â”â”â”â”â”â”â”â”â”[0m [1m30s[0m 5ms/step
[1m 305/6224[0m [37mâ”â”â”â”â”â”â”â”â”â”â”â”â”â”â”â”â”â”â”â”[0m [1m31s[0m 5ms/step
[1m 314/6224[0m [32mâ”[0m[37mâ”â”â”â”â”â”â”â”â”â”â”â”â”â”â”â”â”â”â”[0m [1m31s[0m 5ms/step
[1m 323/6224[0m [32mâ”[0m[37mâ”â”â”â”â”â”â”â”â”â”â”â”â”â”â”â”â”â”â”[0m [1m31s[0m 5ms/step
[1m 332/6224[0m [32mâ”[0m[37mâ”â”â”â”â”â”â”â”â”â”â”â”â”â”â”â”â”â”â”[0m [1m31s[0m 5ms/step
[1m 336/6224[0m [32mâ”[0m[37mâ”â”â”â”â”â”â”â”â”â”â”â”â”â”â”â”â”â”â”[0m [1m31s[0m 5ms/step
[1m 339/6224[0m [32mâ”[0m[37mâ”â”â”â”â”â”â”â”â”â”â”â”â”â”â”â”â”â”â”[0m [1m32s[0m 6ms/step
[1m 348/6224[0m [32mâ”[0m[37mâ”â”â”â”â”â”â”â”â”â”â”â”â”â”â”â”â”â”â”[0m [1m32s[0m 6ms/step
[1m 357/6224[0m [32mâ”[0m[37mâ”â”â”â”â”â”â”â”â”â”â”â”â”â”â”â”â”â”â”[0m [1m32s[0m 6ms/step
[1m 366/6224[0m [32mâ”[0m[37mâ”â”â”â”â”â”â”â”â”â”â”â”â”â”â”â”â”â”â”[0m [1m32s[0m 6ms/step
[1m 375/6224[0m [32mâ”[0m[37mâ”â”â”â”â”â”â”â”â”â”â”â”â”â”â”â”â”â”â”[0m [1m32s[0m 6ms/step
[1m 384/6224[0m [32mâ”[0m[37mâ”â”â”â”â”â”â”â”â”â”â”â”â”â”â”â”â”â”â”[0m [1m32s[0m 6ms/step
[1m 393/6224[0m [32mâ”[0m[37mâ”â”â”â”â”â”â”â”â”â”â”â”â”â”â”â”â”â”â”[0m [1m32s[0m 6ms/step
[1m 402/6224[0m [32mâ”[0m[37mâ”â”â”â”â”â”â”â”â”â”â”â”â”â”â”â”â”â”â”[0m [1m32s[0m 6ms/step
[1m 411/6224[0m [32mâ”[0m[37mâ”â”â”â”â”â”â”â”â”â”â”â”â”â”â”â”â”â”â”[0m [1m32s[0m 6ms/step
[1m 419/6224[0m [32mâ”[0m[37mâ”â”â”â”â”â”â”â”â”â”â”â”â”â”â”â”â”â”â”[0m [1m32s[0m 6ms/step
[1m 427/6224[0m [32mâ”[0m[37mâ”â”â”â”â”â”â”â”â”â”â”â”â”â”â”â”â”â”â”[0m [1m32s[0m 6ms/step
[1m 435/6224[0m [32mâ”[0m[37mâ”â”â”â”â”â”â”â”â”â”â”â”â”â”â”â”â”â”â”[0m [1m32s[0m 6ms/step
[1m 444/6224[0m [32mâ”[0m[37mâ”â”â”â”â”â”â”â”â”â”â”â”â”â”â”â”â”â”â”[0m [1m32s[0m 6ms/step
[1m 454/6224[0m [32mâ”[0m[37mâ”â”â”â”â”â”â”â”â”â”â”â”â”â”â”â”â”â”â”[0m [1m32s[0m 6ms/step
[1m 464/6224[0m [32mâ”[0m[37mâ”â”â”â”â”â”â”â”â”â”â”â”â”â”â”â”â”â”â”[0m [1m32s[0m 6ms/step
[1m 474/6224[0m [32mâ”[0m[37mâ”â”â”â”â”â”â”â”â”â”â”â”â”â”â”â”â”â”â”[0m [1m32s[0m 6ms/step
[1m 484/6224[0m [32mâ”[0m[37mâ”â”â”â”â”â”â”â”â”â”â”â”â”â”â”â”â”â”â”[0m [1m32s[0m 6ms/step
[1m 494/6224[0m [32mâ”[0m[37mâ”â”â”â”â”â”â”â”â”â”â”â”â”â”â”â”â”â”â”[0m [1m32s[0m 6ms/step
[1m 503/6224[0m [32mâ”[0m[37mâ”â”â”â”â”â”â”â”â”â”â”â”â”â”â”â”â”â”â”[0m [1m32s[0m 6ms/step
[1m 511/6224[0m [32mâ”[0m[37mâ”â”â”â”â”â”â”â”â”â”â”â”â”â”â”â”â”â”â”[0m [1m32s[0m 6ms/step
[1m 518/6224[0m [32mâ”[0m[37mâ”â”â”â”â”â”â”â”â”â”â”â”â”â”â”â”â”â”â”[0m [1m32s[0m 6ms/step
[1m 526/6224[0m [32mâ”[0m[37mâ”â”â”â”â”â”â”â”â”â”â”â”â”â”â”â”â”â”â”[0m [1m32s[0m 6ms/step
[1m 533/6224[0m [32mâ”[0m[37mâ”â”â”â”â”â”â”â”â”â”â”â”â”â”â”â”â”â”â”[0m [1m32s[0m 6ms/step
[1m 540/6224[0m [32mâ”[0m[37mâ”â”â”â”â”â”â”â”â”â”â”â”â”â”â”â”â”â”â”[0m [1m32s[0m 6ms/step
[1m 549/6224[0m [32mâ”[0m[37mâ”â”â”â”â”â”â”â”â”â”â”â”â”â”â”â”â”â”â”[0m [1m32s[0m 6ms/step
[1m 558/6224[0m [32mâ”[0m[37mâ”â”â”â”â”â”â”â”â”â”â”â”â”â”â”â”â”â”â”[0m [1m32s[0m 6ms/step
[1m 567/6224[0m [32mâ”[0m[37mâ”â”â”â”â”â”â”â”â”â”â”â”â”â”â”â”â”â”â”[0m [1m32s[0m 6ms/step
[1m 576/6224[0m [32mâ”[0m[37mâ”â”â”â”â”â”â”â”â”â”â”â”â”â”â”â”â”â”â”[0m [1m32s[0m 6ms/step
[1m 586/6224[0m [32mâ”[0m[37mâ”â”â”â”â”â”â”â”â”â”â”â”â”â”â”â”â”â”â”[0m [1m32s[0m 6ms/step
[1m 596/6224[0m [32mâ”[0m[37mâ”â”â”â”â”â”â”â”â”â”â”â”â”â”â”â”â”â”â”[0m [1m32s[0m 6ms/step
[1m 604/6224[0m [32mâ”[0m[37mâ”â”â”â”â”â”â”â”â”â”â”â”â”â”â”â”â”â”â”[0m [1m32s[0m 6ms/step
[1m 612/6224[0m [32mâ”[0m[37mâ”â”â”â”â”â”â”â”â”â”â”â”â”â”â”â”â”â”â”[0m [1m32s[0m 6ms/step
[1m 620/6224[0m [32mâ”[0m[37mâ”â”â”â”â”â”â”â”â”â”â”â”â”â”â”â”â”â”â”[0m [1m32s[0m 6ms/step
[1m 628/6224[0m [32mâ”â”[0m[37mâ”â”â”â”â”â”â”â”â”â”â”â”â”â”â”â”â”â”[0m [1m32s[0m 6ms/step
[1m 638/6224[0m [32mâ”â”[0m[37mâ”â”â”â”â”â”â”â”â”â”â”â”â”â”â”â”â”â”[0m [1m32s[0m 6ms/step
[1m 648/6224[0m [32mâ”â”[0m[37mâ”â”â”â”â”â”â”â”â”â”â”â”â”â”â”â”â”â”[0m [1m32s[0m 6ms/step
[1m 658/6224[0m [32mâ”â”[0m[37mâ”â”â”â”â”â”â”â”â”â”â”â”â”â”â”â”â”â”[0m [1m32s[0m 6ms/step
[1m 668/6224[0m [32mâ”â”[0m[37mâ”â”â”â”â”â”â”â”â”â”â”â”â”â”â”â”â”â”[0m [1m32s[0m 6ms/step
[1m 677/6224[0m [32mâ”â”[0m[37mâ”â”â”â”â”â”â”â”â”â”â”â”â”â”â”â”â”â”[0m [1m32s[0m 6ms/step
[1m 687/6224[0m [32mâ”â”[0m[37mâ”â”â”â”â”â”â”â”â”â”â”â”â”â”â”â”â”â”[0m [1m31s[0m 6ms/step
[1m 697/6224[0m [32mâ”â”[0m[37mâ”â”â”â”â”â”â”â”â”â”â”â”â”â”â”â”â”â”[0m [1m31s[0m 6ms/step
[1m 707/6224[0m [32mâ”â”[0m[37mâ”â”â”â”â”â”â”â”â”â”â”â”â”â”â”â”â”â”[0m [1m31s[0m 6ms/step
[1m 717/6224[0m [32mâ”â”[0m[37mâ”â”â”â”â”â”â”â”â”â”â”â”â”â”â”â”â”â”[0m [1m31s[0m 6ms/step
[1m 727/6224[0m [32mâ”â”[0m[37mâ”â”â”â”â”â”â”â”â”â”â”â”â”â”â”â”â”â”[0m [1m31s[0m 6ms/step
[1m 738/6224[0m [32mâ”â”[0m[37mâ”â”â”â”â”â”â”â”â”â”â”â”â”â”â”â”â”â”[0m [1m31s[0m 6ms/step
[1m 750/6224[0m [32mâ”â”[0m[37mâ”â”â”â”â”â”â”â”â”â”â”â”â”â”â”â”â”â”[0m [1m31s[0m 6ms/step
[1m 762/6224[0m [32mâ”â”[0m[37mâ”â”â”â”â”â”â”â”â”â”â”â”â”â”â”â”â”â”[0m [1m31s[0m 6ms/step
[1m 773/6224[0m [32mâ”â”[0m[37mâ”â”â”â”â”â”â”â”â”â”â”â”â”â”â”â”â”â”[0m [1m30s[0m 6ms/step
[1m 784/6224[0m [32mâ”â”[0m[37mâ”â”â”â”â”â”â”â”â”â”â”â”â”â”â”â”â”â”[0m [1m30s[0m 6ms/step
[1m 795/6224[0m [32mâ”â”[0m[37mâ”â”â”â”â”â”â”â”â”â”â”â”â”â”â”â”â”â”[0m [1m30s[0m 6ms/step
[1m 805/6224[0m [32mâ”â”[0m[37mâ”â”â”â”â”â”â”â”â”â”â”â”â”â”â”â”â”â”[0m [1m30s[0m 6ms/step
[1m 817/6224[0m [32mâ”â”[0m[37mâ”â”â”â”â”â”â”â”â”â”â”â”â”â”â”â”â”â”[0m [1m30s[0m 6ms/step
[1m 828/6224[0m [32mâ”â”[0m[37mâ”â”â”â”â”â”â”â”â”â”â”â”â”â”â”â”â”â”[0m [1m30s[0m 6ms/step
[1m 840/6224[0m [32mâ”â”[0m[37mâ”â”â”â”â”â”â”â”â”â”â”â”â”â”â”â”â”â”[0m [1m30s[0m 6ms/step
[1m 851/6224[0m [32mâ”â”[0m[37mâ”â”â”â”â”â”â”â”â”â”â”â”â”â”â”â”â”â”[0m [1m29s[0m 6ms/step
[1m 863/6224[0m [32mâ”â”[0m[37mâ”â”â”â”â”â”â”â”â”â”â”â”â”â”â”â”â”â”[0m [1m29s[0m 6ms/step
[1m 873/6224[0m [32mâ”â”[0m[37mâ”â”â”â”â”â”â”â”â”â”â”â”â”â”â”â”â”â”[0m [1m29s[0m 6ms/step
[1m 884/6224[0m [32mâ”â”[0m[37mâ”â”â”â”â”â”â”â”â”â”â”â”â”â”â”â”â”â”[0m [1m29s[0m 6ms/step
[1m 896/6224[0m [32mâ”â”[0m[37mâ”â”â”â”â”â”â”â”â”â”â”â”â”â”â”â”â”â”[0m [1m29s[0m 6ms/step
[1m 908/6224[0m [32mâ”â”[0m[37mâ”â”â”â”â”â”â”â”â”â”â”â”â”â”â”â”â”â”[0m [1m29s[0m 6ms/step
[1m 920/6224[0m [32mâ”â”[0m[37mâ”â”â”â”â”â”â”â”â”â”â”â”â”â”â”â”â”â”[0m [1m29s[0m 6ms/step
[1m 932/6224[0m [32mâ”â”[0m[37mâ”â”â”â”â”â”â”â”â”â”â”â”â”â”â”â”â”â”[0m [1m29s[0m 5ms/step
[1m 944/6224[0m [32mâ”â”â”[0m[37mâ”â”â”â”â”â”â”â”â”â”â”â”â”â”â”â”â”[0m [1m28s[0m 5ms/step
[1m 956/6224[0m [32mâ”â”â”[0m[37mâ”â”â”â”â”â”â”â”â”â”â”â”â”â”â”â”â”[0m [1m28s[0m 5ms/step
[1m 968/6224[0m [32mâ”â”â”[0m[37mâ”â”â”â”â”â”â”â”â”â”â”â”â”â”â”â”â”[0m [1m28s[0m 5ms/step
[1m 980/6224[0m [32mâ”â”â”[0m[37mâ”â”â”â”â”â”â”â”â”â”â”â”â”â”â”â”â”[0m [1m28s[0m 5ms/step
[1m 992/6224[0m [32mâ”â”â”[0m[37mâ”â”â”â”â”â”â”â”â”â”â”â”â”â”â”â”â”[0m [1m28s[0m 5ms/step
[1m1004/6224[0m [32mâ”â”â”[0m[37mâ”â”â”â”â”â”â”â”â”â”â”â”â”â”â”â”â”[0m [1m28s[0m 5ms/step
[1m1015/6224[0m [32mâ”â”â”[0m[37mâ”â”â”â”â”â”â”â”â”â”â”â”â”â”â”â”â”[0m [1m28s[0m 5ms/step
[1m1026/6224[0m [32mâ”â”â”[0m[37mâ”â”â”â”â”â”â”â”â”â”â”â”â”â”â”â”â”[0m [1m28s[0m 5ms/step
[1m1038/6224[0m [32mâ”â”â”[0m[37mâ”â”â”â”â”â”â”â”â”â”â”â”â”â”â”â”â”[0m [1m27s[0m 5ms/step
[1m1050/6224[0m [32mâ”â”â”[0m[37mâ”â”â”â”â”â”â”â”â”â”â”â”â”â”â”â”â”[0m [1m27s[0m 5ms/step
[1m1061/6224[0m [32mâ”â”â”[0m[37mâ”â”â”â”â”â”â”â”â”â”â”â”â”â”â”â”â”[0m [1m27s[0m 5ms/step
[1m1073/6224[0m [32mâ”â”â”[0m[37mâ”â”â”â”â”â”â”â”â”â”â”â”â”â”â”â”â”[0m [1m27s[0m 5ms/step
[1m1084/6224[0m [32mâ”â”â”[0m[37mâ”â”â”â”â”â”â”â”â”â”â”â”â”â”â”â”â”[0m [1m27s[0m 5ms/step
[1m1095/6224[0m [32mâ”â”â”[0m[37mâ”â”â”â”â”â”â”â”â”â”â”â”â”â”â”â”â”[0m [1m27s[0m 5ms/step
[1m1106/6224[0m [32mâ”â”â”[0m[37mâ”â”â”â”â”â”â”â”â”â”â”â”â”â”â”â”â”[0m [1m27s[0m 5ms/step
[1m1118/6224[0m [32mâ”â”â”[0m[37mâ”â”â”â”â”â”â”â”â”â”â”â”â”â”â”â”â”[0m [1m27s[0m 5ms/step
[1m1130/6224[0m [32mâ”â”â”[0m[37mâ”â”â”â”â”â”â”â”â”â”â”â”â”â”â”â”â”[0m [1m27s[0m 5ms/step
[1m1142/6224[0m [32mâ”â”â”[0m[37mâ”â”â”â”â”â”â”â”â”â”â”â”â”â”â”â”â”[0m [1m26s[0m 5ms/step
[1m1154/6224[0m [32mâ”â”â”[0m[37mâ”â”â”â”â”â”â”â”â”â”â”â”â”â”â”â”â”[0m [1m26s[0m 5ms/step
[1m1166/6224[0m [32mâ”â”â”[0m[37mâ”â”â”â”â”â”â”â”â”â”â”â”â”â”â”â”â”[0m [1m26s[0m 5ms/step
[1m1177/6224[0m [32mâ”â”â”[0m[37mâ”â”â”â”â”â”â”â”â”â”â”â”â”â”â”â”â”[0m [1m26s[0m 5ms/step
[1m1189/6224[0m [32mâ”â”â”[0m[37mâ”â”â”â”â”â”â”â”â”â”â”â”â”â”â”â”â”[0m [1m26s[0m 5ms/step
[1m1201/6224[0m [32mâ”â”â”[0m[37mâ”â”â”â”â”â”â”â”â”â”â”â”â”â”â”â”â”[0m [1m26s[0m 5ms/step
[1m1212/6224[0m [32mâ”â”â”[0m[37mâ”â”â”â”â”â”â”â”â”â”â”â”â”â”â”â”â”[0m [1m26s[0m 5ms/step
[1m1224/6224[0m [32mâ”â”â”[0m[37mâ”â”â”â”â”â”â”â”â”â”â”â”â”â”â”â”â”[0m [1m26s[0m 5ms/step
[1m1235/6224[0m [32mâ”â”â”[0m[37mâ”â”â”â”â”â”â”â”â”â”â”â”â”â”â”â”â”[0m [1m26s[0m 5ms/step
[1m1246/6224[0m [32mâ”â”â”â”[0m[37mâ”â”â”â”â”â”â”â”â”â”â”â”â”â”â”â”[0m [1m26s[0m 5ms/step
[1m1257/6224[0m [32mâ”â”â”â”[0m[37mâ”â”â”â”â”â”â”â”â”â”â”â”â”â”â”â”[0m [1m26s[0m 5ms/step
[1m1268/6224[0m [32mâ”â”â”â”[0m[37mâ”â”â”â”â”â”â”â”â”â”â”â”â”â”â”â”[0m [1m25s[0m 5ms/step
[1m1279/6224[0m [32mâ”â”â”â”[0m[37mâ”â”â”â”â”â”â”â”â”â”â”â”â”â”â”â”[0m [1m25s[0m 5ms/step
[1m1290/6224[0m [32mâ”â”â”â”[0m[37mâ”â”â”â”â”â”â”â”â”â”â”â”â”â”â”â”[0m [1m25s[0m 5ms/step
[1m1301/6224[0m [32mâ”â”â”â”[0m[37mâ”â”â”â”â”â”â”â”â”â”â”â”â”â”â”â”[0m [1m25s[0m 5ms/step
[1m1312/6224[0m [32mâ”â”â”â”[0m[37mâ”â”â”â”â”â”â”â”â”â”â”â”â”â”â”â”[0m [1m25s[0m 5ms/step
[1m1322/6224[0m [32mâ”â”â”â”[0m[37mâ”â”â”â”â”â”â”â”â”â”â”â”â”â”â”â”[0m [1m25s[0m 5ms/step
[1m1331/6224[0m [32mâ”â”â”â”[0m[37mâ”â”â”â”â”â”â”â”â”â”â”â”â”â”â”â”[0m [1m25s[0m 5ms/step
[1m1343/6224[0m [32mâ”â”â”â”[0m[37mâ”â”â”â”â”â”â”â”â”â”â”â”â”â”â”â”[0m [1m25s[0m 5ms/step
[1m1355/6224[0m [32mâ”â”â”â”[0m[37mâ”â”â”â”â”â”â”â”â”â”â”â”â”â”â”â”[0m [1m25s[0m 5ms/step
[1m1366/6224[0m [32mâ”â”â”â”[0m[37mâ”â”â”â”â”â”â”â”â”â”â”â”â”â”â”â”[0m [1m25s[0m 5ms/step
[1m1377/6224[0m [32mâ”â”â”â”[0m[37mâ”â”â”â”â”â”â”â”â”â”â”â”â”â”â”â”[0m [1m25s[0m 5ms/step
[1m1388/6224[0m [32mâ”â”â”â”[0m[37mâ”â”â”â”â”â”â”â”â”â”â”â”â”â”â”â”[0m [1m25s[0m 5ms/step
[1m1400/6224[0m [32mâ”â”â”â”[0m[37mâ”â”â”â”â”â”â”â”â”â”â”â”â”â”â”â”[0m [1m25s[0m 5ms/step
[1m1411/6224[0m [32mâ”â”â”â”[0m[37mâ”â”â”â”â”â”â”â”â”â”â”â”â”â”â”â”[0m [1m24s[0m 5ms/step
[1m1422/6224[0m [32mâ”â”â”â”[0m[37mâ”â”â”â”â”â”â”â”â”â”â”â”â”â”â”â”[0m [1m24s[0m 5ms/step
[1m1433/6224[0m [32mâ”â”â”â”[0m[37mâ”â”â”â”â”â”â”â”â”â”â”â”â”â”â”â”[0m [1m24s[0m 5ms/step
[1m1444/6224[0m [32mâ”â”â”â”[0m[37mâ”â”â”â”â”â”â”â”â”â”â”â”â”â”â”â”[0m [1m24s[0m 5ms/step
[1m1455/6224[0m [32mâ”â”â”â”[0m[37mâ”â”â”â”â”â”â”â”â”â”â”â”â”â”â”â”[0m [1m24s[0m 5ms/step
[1m1466/6224[0m [32mâ”â”â”â”[0m[37mâ”â”â”â”â”â”â”â”â”â”â”â”â”â”â”â”[0m [1m24s[0m 5ms/step
[1m1477/6224[0m [32mâ”â”â”â”[0m[37mâ”â”â”â”â”â”â”â”â”â”â”â”â”â”â”â”[0m [1m24s[0m 5ms/step
[1m1488/6224[0m [32mâ”â”â”â”[0m[37mâ”â”â”â”â”â”â”â”â”â”â”â”â”â”â”â”[0m [1m24s[0m 5ms/step
[1m1499/6224[0m [32mâ”â”â”â”[0m[37mâ”â”â”â”â”â”â”â”â”â”â”â”â”â”â”â”[0m [1m24s[0m 5ms/step
[1m1510/6224[0m [32mâ”â”â”â”[0m[37mâ”â”â”â”â”â”â”â”â”â”â”â”â”â”â”â”[0m [1m24s[0m 5ms/step
[1m1520/6224[0m [32mâ”â”â”â”[0m[37mâ”â”â”â”â”â”â”â”â”â”â”â”â”â”â”â”[0m [1m24s[0m 5ms/step
[1m1530/6224[0m [32mâ”â”â”â”[0m[37mâ”â”â”â”â”â”â”â”â”â”â”â”â”â”â”â”[0m [1m24s[0m 5ms/step
[1m1540/6224[0m [32mâ”â”â”â”[0m[37mâ”â”â”â”â”â”â”â”â”â”â”â”â”â”â”â”[0m [1m24s[0m 5ms/step
[1m1548/6224[0m [32mâ”â”â”â”[0m[37mâ”â”â”â”â”â”â”â”â”â”â”â”â”â”â”â”[0m [1m24s[0m 5ms/step
[1m1556/6224[0m [32mâ”â”â”â”â”[0m[37mâ”â”â”â”â”â”â”â”â”â”â”â”â”â”â”[0m [1m24s[0m 5ms/step
[1m1564/6224[0m [32mâ”â”â”â”â”[0m[37mâ”â”â”â”â”â”â”â”â”â”â”â”â”â”â”[0m [1m24s[0m 5ms/step
[1m1573/6224[0m [32mâ”â”â”â”â”[0m[37mâ”â”â”â”â”â”â”â”â”â”â”â”â”â”â”[0m [1m24s[0m 5ms/step
[1m1582/6224[0m [32mâ”â”â”â”â”[0m[37mâ”â”â”â”â”â”â”â”â”â”â”â”â”â”â”[0m [1m24s[0m 5ms/step
[1m1591/6224[0m [32mâ”â”â”â”â”[0m[37mâ”â”â”â”â”â”â”â”â”â”â”â”â”â”â”[0m [1m24s[0m 5ms/step
[1m1600/6224[0m [32mâ”â”â”â”â”[0m[37mâ”â”â”â”â”â”â”â”â”â”â”â”â”â”â”[0m [1m24s[0m 5ms/step
[1m1609/6224[0m [32mâ”â”â”â”â”[0m[37mâ”â”â”â”â”â”â”â”â”â”â”â”â”â”â”[0m [1m24s[0m 5ms/step
[1m1618/6224[0m [32mâ”â”â”â”â”[0m[37mâ”â”â”â”â”â”â”â”â”â”â”â”â”â”â”[0m [1m23s[0m 5ms/step
[1m1627/6224[0m [32mâ”â”â”â”â”[0m[37mâ”â”â”â”â”â”â”â”â”â”â”â”â”â”â”[0m [1m23s[0m 5ms/step
[1m1636/6224[0m [32mâ”â”â”â”â”[0m[37mâ”â”â”â”â”â”â”â”â”â”â”â”â”â”â”[0m [1m23s[0m 5ms/step
[1m1645/6224[0m [32mâ”â”â”â”â”[0m[37mâ”â”â”â”â”â”â”â”â”â”â”â”â”â”â”[0m [1m23s[0m 5ms/step
[1m1655/6224[0m [32mâ”â”â”â”â”[0m[37mâ”â”â”â”â”â”â”â”â”â”â”â”â”â”â”[0m [1m23s[0m 5ms/step
[1m1665/6224[0m [32mâ”â”â”â”â”[0m[37mâ”â”â”â”â”â”â”â”â”â”â”â”â”â”â”[0m [1m23s[0m 5ms/step
[1m1675/6224[0m [32mâ”â”â”â”â”[0m[37mâ”â”â”â”â”â”â”â”â”â”â”â”â”â”â”[0m [1m23s[0m 5ms/step
[1m1685/6224[0m [32mâ”â”â”â”â”[0m[37mâ”â”â”â”â”â”â”â”â”â”â”â”â”â”â”[0m [1m23s[0m 5ms/step
[1m1695/6224[0m [32mâ”â”â”â”â”[0m[37mâ”â”â”â”â”â”â”â”â”â”â”â”â”â”â”[0m [1m23s[0m 5ms/step
[1m1705/6224[0m [32mâ”â”â”â”â”[0m[37mâ”â”â”â”â”â”â”â”â”â”â”â”â”â”â”[0m [1m23s[0m 5ms/step
[1m1715/6224[0m [32mâ”â”â”â”â”[0m[37mâ”â”â”â”â”â”â”â”â”â”â”â”â”â”â”[0m [1m23s[0m 5ms/step
[1m1726/6224[0m [32mâ”â”â”â”â”[0m[37mâ”â”â”â”â”â”â”â”â”â”â”â”â”â”â”[0m [1m23s[0m 5ms/step
[1m1737/6224[0m [32mâ”â”â”â”â”[0m[37mâ”â”â”â”â”â”â”â”â”â”â”â”â”â”â”[0m [1m23s[0m 5ms/step
[1m1747/6224[0m [32mâ”â”â”â”â”[0m[37mâ”â”â”â”â”â”â”â”â”â”â”â”â”â”â”[0m [1m23s[0m 5ms/step
[1m1758/6224[0m [32mâ”â”â”â”â”[0m[37mâ”â”â”â”â”â”â”â”â”â”â”â”â”â”â”[0m [1m23s[0m 5ms/step
[1m1769/6224[0m [32mâ”â”â”â”â”[0m[37mâ”â”â”â”â”â”â”â”â”â”â”â”â”â”â”[0m [1m23s[0m 5ms/step
[1m1780/6224[0m [32mâ”â”â”â”â”[0m[37mâ”â”â”â”â”â”â”â”â”â”â”â”â”â”â”[0m [1m23s[0m 5ms/step
[1m1791/6224[0m [32mâ”â”â”â”â”[0m[37mâ”â”â”â”â”â”â”â”â”â”â”â”â”â”â”[0m [1m23s[0m 5ms/step
[1m1802/6224[0m [32mâ”â”â”â”â”[0m[37mâ”â”â”â”â”â”â”â”â”â”â”â”â”â”â”[0m [1m23s[0m 5ms/step
[1m1813/6224[0m [32mâ”â”â”â”â”[0m[37mâ”â”â”â”â”â”â”â”â”â”â”â”â”â”â”[0m [1m22s[0m 5ms/step
[1m1824/6224[0m [32mâ”â”â”â”â”[0m[37mâ”â”â”â”â”â”â”â”â”â”â”â”â”â”â”[0m [1m22s[0m 5ms/step
[1m1835/6224[0m [32mâ”â”â”â”â”[0m[37mâ”â”â”â”â”â”â”â”â”â”â”â”â”â”â”[0m [1m22s[0m 5ms/step
[1m1846/6224[0m [32mâ”â”â”â”â”[0m[37mâ”â”â”â”â”â”â”â”â”â”â”â”â”â”â”[0m [1m22s[0m 5ms/step
[1m1857/6224[0m [32mâ”â”â”â”â”[0m[37mâ”â”â”â”â”â”â”â”â”â”â”â”â”â”â”[0m [1m22s[0m 5ms/step
[1m1868/6224[0m [32mâ”â”â”â”â”â”[0m[37mâ”â”â”â”â”â”â”â”â”â”â”â”â”â”[0m [1m22s[0m 5ms/step
[1m1879/6224[0m [32mâ”â”â”â”â”â”[0m[37mâ”â”â”â”â”â”â”â”â”â”â”â”â”â”[0m [1m22s[0m 5ms/step
[1m1890/6224[0m [32mâ”â”â”â”â”â”[0m[37mâ”â”â”â”â”â”â”â”â”â”â”â”â”â”[0m [1m22s[0m 5ms/step
[1m1901/6224[0m [32mâ”â”â”â”â”â”[0m[37mâ”â”â”â”â”â”â”â”â”â”â”â”â”â”[0m [1m22s[0m 5ms/step
[1m1911/6224[0m [32mâ”â”â”â”â”â”[0m[37mâ”â”â”â”â”â”â”â”â”â”â”â”â”â”[0m [1m22s[0m 5ms/step
[1m1921/6224[0m [32mâ”â”â”â”â”â”[0m[37mâ”â”â”â”â”â”â”â”â”â”â”â”â”â”[0m [1m22s[0m 5ms/step
[1m1932/6224[0m [32mâ”â”â”â”â”â”[0m[37mâ”â”â”â”â”â”â”â”â”â”â”â”â”â”[0m [1m22s[0m 5ms/step
[1m1943/6224[0m [32mâ”â”â”â”â”â”[0m[37mâ”â”â”â”â”â”â”â”â”â”â”â”â”â”[0m [1m22s[0m 5ms/step
[1m1955/6224[0m [32mâ”â”â”â”â”â”[0m[37mâ”â”â”â”â”â”â”â”â”â”â”â”â”â”[0m [1m22s[0m 5ms/step
[1m1966/6224[0m [32mâ”â”â”â”â”â”[0m[37mâ”â”â”â”â”â”â”â”â”â”â”â”â”â”[0m [1m22s[0m 5ms/step
[1m1977/6224[0m [32mâ”â”â”â”â”â”[0m[37mâ”â”â”â”â”â”â”â”â”â”â”â”â”â”[0m [1m21s[0m 5ms/step
[1m1988/6224[0m [32mâ”â”â”â”â”â”[0m[37mâ”â”â”â”â”â”â”â”â”â”â”â”â”â”[0m [1m21s[0m 5ms/step
[1m2000/6224[0m [32mâ”â”â”â”â”â”[0m[37mâ”â”â”â”â”â”â”â”â”â”â”â”â”â”[0m [1m21s[0m 5ms/step
[1m2012/6224[0m [32mâ”â”â”â”â”â”[0m[37mâ”â”â”â”â”â”â”â”â”â”â”â”â”â”[0m [1m21s[0m 5ms/step
[1m2024/6224[0m [32mâ”â”â”â”â”â”[0m[37mâ”â”â”â”â”â”â”â”â”â”â”â”â”â”[0m [1m21s[0m 5ms/step
[1m2036/6224[0m [32mâ”â”â”â”â”â”[0m[37mâ”â”â”â”â”â”â”â”â”â”â”â”â”â”[0m [1m21s[0m 5ms/step
[1m2048/6224[0m [32mâ”â”â”â”â”â”[0m[37mâ”â”â”â”â”â”â”â”â”â”â”â”â”â”[0m [1m21s[0m 5ms/step
[1m2059/6224[0m [32mâ”â”â”â”â”â”[0m[37mâ”â”â”â”â”â”â”â”â”â”â”â”â”â”[0m [1m21s[0m 5ms/step
[1m2071/6224[0m [32mâ”â”â”â”â”â”[0m[37mâ”â”â”â”â”â”â”â”â”â”â”â”â”â”[0m [1m21s[0m 5ms/step
[1m2082/6224[0m [32mâ”â”â”â”â”â”[0m[37mâ”â”â”â”â”â”â”â”â”â”â”â”â”â”[0m [1m21s[0m 5ms/step
[1m2094/6224[0m [32mâ”â”â”â”â”â”[0m[37mâ”â”â”â”â”â”â”â”â”â”â”â”â”â”[0m [1m21s[0m 5ms/step
[1m2106/6224[0m [32mâ”â”â”â”â”â”[0m[37mâ”â”â”â”â”â”â”â”â”â”â”â”â”â”[0m [1m21s[0m 5ms/step
[1m2117/6224[0m [32mâ”â”â”â”â”â”[0m[37mâ”â”â”â”â”â”â”â”â”â”â”â”â”â”[0m [1m21s[0m 5ms/step
[1m2128/6224[0m [32mâ”â”â”â”â”â”[0m[37mâ”â”â”â”â”â”â”â”â”â”â”â”â”â”[0m [1m20s[0m 5ms/step
[1m2139/6224[0m [32mâ”â”â”â”â”â”[0m[37mâ”â”â”â”â”â”â”â”â”â”â”â”â”â”[0m [1m20s[0m 5ms/step
[1m2150/6224[0m [32mâ”â”â”â”â”â”[0m[37mâ”â”â”â”â”â”â”â”â”â”â”â”â”â”[0m [1m20s[0m 5ms/step
[1m2161/6224[0m [32mâ”â”â”â”â”â”[0m[37mâ”â”â”â”â”â”â”â”â”â”â”â”â”â”[0m [1m20s[0m 5ms/step
[1m2172/6224[0m [32mâ”â”â”â”â”â”[0m[37mâ”â”â”â”â”â”â”â”â”â”â”â”â”â”[0m [1m20s[0m 5ms/step
[1m2183/6224[0m [32mâ”â”â”â”â”â”â”[0m[37mâ”â”â”â”â”â”â”â”â”â”â”â”â”[0m [1m20s[0m 5ms/step
[1m2195/6224[0m [32mâ”â”â”â”â”â”â”[0m[37mâ”â”â”â”â”â”â”â”â”â”â”â”â”[0m [1m20s[0m 5ms/step
[1m2206/6224[0m [32mâ”â”â”â”â”â”â”[0m[37mâ”â”â”â”â”â”â”â”â”â”â”â”â”[0m [1m20s[0m 5ms/step
[1m2217/6224[0m [32mâ”â”â”â”â”â”â”[0m[37mâ”â”â”â”â”â”â”â”â”â”â”â”â”[0m [1m20s[0m 5ms/step
[1m2229/6224[0m [32mâ”â”â”â”â”â”â”[0m[37mâ”â”â”â”â”â”â”â”â”â”â”â”â”[0m [1m20s[0m 5ms/step
[1m2240/6224[0m [32mâ”â”â”â”â”â”â”[0m[37mâ”â”â”â”â”â”â”â”â”â”â”â”â”[0m [1m20s[0m 5ms/step
[1m2251/6224[0m [32mâ”â”â”â”â”â”â”[0m[37mâ”â”â”â”â”â”â”â”â”â”â”â”â”[0m [1m20s[0m 5ms/step
[1m2262/6224[0m [32mâ”â”â”â”â”â”â”[0m[37mâ”â”â”â”â”â”â”â”â”â”â”â”â”[0m [1m20s[0m 5ms/step
[1m2274/6224[0m [32mâ”â”â”â”â”â”â”[0m[37mâ”â”â”â”â”â”â”â”â”â”â”â”â”[0m [1m20s[0m 5ms/step
[1m2286/6224[0m [32mâ”â”â”â”â”â”â”[0m[37mâ”â”â”â”â”â”â”â”â”â”â”â”â”[0m [1m20s[0m 5ms/step
[1m2298/6224[0m [32mâ”â”â”â”â”â”â”[0m[37mâ”â”â”â”â”â”â”â”â”â”â”â”â”[0m [1m19s[0m 5ms/step
[1m2309/6224[0m [32mâ”â”â”â”â”â”â”[0m[37mâ”â”â”â”â”â”â”â”â”â”â”â”â”[0m [1m19s[0m 5ms/step
[1m2320/6224[0m [32mâ”â”â”â”â”â”â”[0m[37mâ”â”â”â”â”â”â”â”â”â”â”â”â”[0m [1m19s[0m 5ms/step
[1m2331/6224[0m [32mâ”â”â”â”â”â”â”[0m[37mâ”â”â”â”â”â”â”â”â”â”â”â”â”[0m [1m19s[0m 5ms/step
[1m2341/6224[0m [32mâ”â”â”â”â”â”â”[0m[37mâ”â”â”â”â”â”â”â”â”â”â”â”â”[0m [1m19s[0m 5ms/step
[1m2352/6224[0m [32mâ”â”â”â”â”â”â”[0m[37mâ”â”â”â”â”â”â”â”â”â”â”â”â”[0m [1m19s[0m 5ms/step
[1m2364/6224[0m [32mâ”â”â”â”â”â”â”[0m[37mâ”â”â”â”â”â”â”â”â”â”â”â”â”[0m [1m19s[0m 5ms/step
[1m2376/6224[0m [32mâ”â”â”â”â”â”â”[0m[37mâ”â”â”â”â”â”â”â”â”â”â”â”â”[0m [1m19s[0m 5ms/step
[1m2388/6224[0m [32mâ”â”â”â”â”â”â”[0m[37mâ”â”â”â”â”â”â”â”â”â”â”â”â”[0m [1m19s[0m 5ms/step
[1m2400/6224[0m [32mâ”â”â”â”â”â”â”[0m[37mâ”â”â”â”â”â”â”â”â”â”â”â”â”[0m [1m19s[0m 5ms/step
[1m2412/6224[0m [32mâ”â”â”â”â”â”â”[0m[37mâ”â”â”â”â”â”â”â”â”â”â”â”â”[0m [1m19s[0m 5ms/step
[1m2424/6224[0m [32mâ”â”â”â”â”â”â”[0m[37mâ”â”â”â”â”â”â”â”â”â”â”â”â”[0m [1m19s[0m 5ms/step
[1m2436/6224[0m [32mâ”â”â”â”â”â”â”[0m[37mâ”â”â”â”â”â”â”â”â”â”â”â”â”[0m [1m19s[0m 5ms/step
[1m2447/6224[0m [32mâ”â”â”â”â”â”â”[0m[37mâ”â”â”â”â”â”â”â”â”â”â”â”â”[0m [1m19s[0m 5ms/step
[1m2458/6224[0m [32mâ”â”â”â”â”â”â”[0m[37mâ”â”â”â”â”â”â”â”â”â”â”â”â”[0m [1m19s[0m 5ms/step
[1m2470/6224[0m [32mâ”â”â”â”â”â”â”[0m[37mâ”â”â”â”â”â”â”â”â”â”â”â”â”[0m [1m18s[0m 5ms/step
[1m2481/6224[0m [32mâ”â”â”â”â”â”â”[0m[37mâ”â”â”â”â”â”â”â”â”â”â”â”â”[0m [1m18s[0m 5ms/step
[1m2492/6224[0m [32mâ”â”â”â”â”â”â”â”[0m[37mâ”â”â”â”â”â”â”â”â”â”â”â”[0m [1m18s[0m 5ms/step
[1m2504/6224[0m [32mâ”â”â”â”â”â”â”â”[0m[37mâ”â”â”â”â”â”â”â”â”â”â”â”[0m [1m18s[0m 5ms/step
[1m2516/6224[0m [32mâ”â”â”â”â”â”â”â”[0m[37mâ”â”â”â”â”â”â”â”â”â”â”â”[0m [1m18s[0m 5ms/step
[1m2527/6224[0m [32mâ”â”â”â”â”â”â”â”[0m[37mâ”â”â”â”â”â”â”â”â”â”â”â”[0m [1m18s[0m 5ms/step
[1m2538/6224[0m [32mâ”â”â”â”â”â”â”â”[0m[37mâ”â”â”â”â”â”â”â”â”â”â”â”[0m [1m18s[0m 5ms/step
[1m2548/6224[0m [32mâ”â”â”â”â”â”â”â”[0m[37mâ”â”â”â”â”â”â”â”â”â”â”â”[0m [1m18s[0m 5ms/step
[1m2559/6224[0m [32mâ”â”â”â”â”â”â”â”[0m[37mâ”â”â”â”â”â”â”â”â”â”â”â”[0m [1m18s[0m 5ms/step
[1m2569/6224[0m [32mâ”â”â”â”â”â”â”â”[0m[37mâ”â”â”â”â”â”â”â”â”â”â”â”[0m [1m18s[0m 5ms/step
[1m2578/6224[0m [32mâ”â”â”â”â”â”â”â”[0m[37mâ”â”â”â”â”â”â”â”â”â”â”â”[0m [1m18s[0m 5ms/step
[1m2587/6224[0m [32mâ”â”â”â”â”â”â”â”[0m[37mâ”â”â”â”â”â”â”â”â”â”â”â”[0m [1m18s[0m 5ms/step
[1m2595/6224[0m [32mâ”â”â”â”â”â”â”â”[0m[37mâ”â”â”â”â”â”â”â”â”â”â”â”[0m [1m18s[0m 5ms/step
[1m2603/6224[0m [32mâ”â”â”â”â”â”â”â”[0m[37mâ”â”â”â”â”â”â”â”â”â”â”â”[0m [1m18s[0m 5ms/step
[1m2610/6224[0m [32mâ”â”â”â”â”â”â”â”[0m[37mâ”â”â”â”â”â”â”â”â”â”â”â”[0m [1m18s[0m 5ms/step
[1m2617/6224[0m [32mâ”â”â”â”â”â”â”â”[0m[37mâ”â”â”â”â”â”â”â”â”â”â”â”[0m [1m18s[0m 5ms/step
[1m2626/6224[0m [32mâ”â”â”â”â”â”â”â”[0m[37mâ”â”â”â”â”â”â”â”â”â”â”â”[0m [1m18s[0m 5ms/step
[1m2636/6224[0m [32mâ”â”â”â”â”â”â”â”[0m[37mâ”â”â”â”â”â”â”â”â”â”â”â”[0m [1m18s[0m 5ms/step
[1m2646/6224[0m [32mâ”â”â”â”â”â”â”â”[0m[37mâ”â”â”â”â”â”â”â”â”â”â”â”[0m [1m18s[0m 5ms/step
[1m2656/6224[0m [32mâ”â”â”â”â”â”â”â”[0m[37mâ”â”â”â”â”â”â”â”â”â”â”â”[0m [1m18s[0m 5ms/step
[1m2666/6224[0m [32mâ”â”â”â”â”â”â”â”[0m[37mâ”â”â”â”â”â”â”â”â”â”â”â”[0m [1m18s[0m 5ms/step
[1m2676/6224[0m [32mâ”â”â”â”â”â”â”â”[0m[37mâ”â”â”â”â”â”â”â”â”â”â”â”[0m [1m18s[0m 5ms/step
[1m2686/6224[0m [32mâ”â”â”â”â”â”â”â”[0m[37mâ”â”â”â”â”â”â”â”â”â”â”â”[0m [1m17s[0m 5ms/step
[1m2697/6224[0m [32mâ”â”â”â”â”â”â”â”[0m[37mâ”â”â”â”â”â”â”â”â”â”â”â”[0m [1m17s[0m 5ms/step
[1m2707/6224[0m [32mâ”â”â”â”â”â”â”â”[0m[37mâ”â”â”â”â”â”â”â”â”â”â”â”[0m [1m17s[0m 5ms/step
[1m2717/6224[0m [32mâ”â”â”â”â”â”â”â”[0m[37mâ”â”â”â”â”â”â”â”â”â”â”â”[0m [1m17s[0m 5ms/step
[1m2728/6224[0m [32mâ”â”â”â”â”â”â”â”[0m[37mâ”â”â”â”â”â”â”â”â”â”â”â”[0m [1m17s[0m 5ms/step
[1m2739/6224[0m [32mâ”â”â”â”â”â”â”â”[0m[37mâ”â”â”â”â”â”â”â”â”â”â”â”[0m [1m17s[0m 5ms/step
[1m2750/6224[0m [32mâ”â”â”â”â”â”â”â”[0m[37mâ”â”â”â”â”â”â”â”â”â”â”â”[0m [1m17s[0m 5ms/step
[1m2761/6224[0m [32mâ”â”â”â”â”â”â”â”[0m[37mâ”â”â”â”â”â”â”â”â”â”â”â”[0m [1m17s[0m 5ms/step
[1m2772/6224[0m [32mâ”â”â”â”â”â”â”â”[0m[37mâ”â”â”â”â”â”â”â”â”â”â”â”[0m [1m17s[0m 5ms/step
[1m2783/6224[0m [32mâ”â”â”â”â”â”â”â”[0m[37mâ”â”â”â”â”â”â”â”â”â”â”â”[0m [1m17s[0m 5ms/step
[1m2794/6224[0m [32mâ”â”â”â”â”â”â”â”[0m[37mâ”â”â”â”â”â”â”â”â”â”â”â”[0m [1m17s[0m 5ms/step
[1m2805/6224[0m [32mâ”â”â”â”â”â”â”â”â”[0m[37mâ”â”â”â”â”â”â”â”â”â”â”[0m [1m17s[0m 5ms/step
[1m2816/6224[0m [32mâ”â”â”â”â”â”â”â”â”[0m[37mâ”â”â”â”â”â”â”â”â”â”â”[0m [1m17s[0m 5ms/step
[1m2826/6224[0m [32mâ”â”â”â”â”â”â”â”â”[0m[37mâ”â”â”â”â”â”â”â”â”â”â”[0m [1m17s[0m 5ms/step
[1m2835/6224[0m [32mâ”â”â”â”â”â”â”â”â”[0m[37mâ”â”â”â”â”â”â”â”â”â”â”[0m [1m17s[0m 5ms/step
[1m2844/6224[0m [32mâ”â”â”â”â”â”â”â”â”[0m[37mâ”â”â”â”â”â”â”â”â”â”â”[0m [1m17s[0m 5ms/step
[1m2852/6224[0m [32mâ”â”â”â”â”â”â”â”â”[0m[37mâ”â”â”â”â”â”â”â”â”â”â”[0m [1m17s[0m 5ms/step
[1m2861/6224[0m [32mâ”â”â”â”â”â”â”â”â”[0m[37mâ”â”â”â”â”â”â”â”â”â”â”[0m [1m17s[0m 5ms/step
[1m2870/6224[0m [32mâ”â”â”â”â”â”â”â”â”[0m[37mâ”â”â”â”â”â”â”â”â”â”â”[0m [1m17s[0m 5ms/step
[1m2881/6224[0m [32mâ”â”â”â”â”â”â”â”â”[0m[37mâ”â”â”â”â”â”â”â”â”â”â”[0m [1m17s[0m 5ms/step
[1m2892/6224[0m [32mâ”â”â”â”â”â”â”â”â”[0m[37mâ”â”â”â”â”â”â”â”â”â”â”[0m [1m16s[0m 5ms/step
[1m2903/6224[0m [32mâ”â”â”â”â”â”â”â”â”[0m[37mâ”â”â”â”â”â”â”â”â”â”â”[0m [1m16s[0m 5ms/step
[1m2914/6224[0m [32mâ”â”â”â”â”â”â”â”â”[0m[37mâ”â”â”â”â”â”â”â”â”â”â”[0m [1m16s[0m 5ms/step
[1m2925/6224[0m [32mâ”â”â”â”â”â”â”â”â”[0m[37mâ”â”â”â”â”â”â”â”â”â”â”[0m [1m16s[0m 5ms/step
[1m2934/6224[0m [32mâ”â”â”â”â”â”â”â”â”[0m[37mâ”â”â”â”â”â”â”â”â”â”â”[0m [1m16s[0m 5ms/step
[1m2944/6224[0m [32mâ”â”â”â”â”â”â”â”â”[0m[37mâ”â”â”â”â”â”â”â”â”â”â”[0m [1m16s[0m 5ms/step
[1m2954/6224[0m [32mâ”â”â”â”â”â”â”â”â”[0m[37mâ”â”â”â”â”â”â”â”â”â”â”[0m [1m16s[0m 5ms/step
[1m2965/6224[0m [32mâ”â”â”â”â”â”â”â”â”[0m[37mâ”â”â”â”â”â”â”â”â”â”â”[0m [1m16s[0m 5ms/step
[1m2976/6224[0m [32mâ”â”â”â”â”â”â”â”â”[0m[37mâ”â”â”â”â”â”â”â”â”â”â”[0m [1m16s[0m 5ms/step
[1m2987/6224[0m [32mâ”â”â”â”â”â”â”â”â”[0m[37mâ”â”â”â”â”â”â”â”â”â”â”[0m [1m16s[0m 5ms/step
[1m2999/6224[0m [32mâ”â”â”â”â”â”â”â”â”[0m[37mâ”â”â”â”â”â”â”â”â”â”â”[0m [1m16s[0m 5ms/step
[1m3011/6224[0m [32mâ”â”â”â”â”â”â”â”â”[0m[37mâ”â”â”â”â”â”â”â”â”â”â”[0m [1m16s[0m 5ms/step
[1m3022/6224[0m [32mâ”â”â”â”â”â”â”â”â”[0m[37mâ”â”â”â”â”â”â”â”â”â”â”[0m [1m16s[0m 5ms/step
[1m3034/6224[0m [32mâ”â”â”â”â”â”â”â”â”[0m[37mâ”â”â”â”â”â”â”â”â”â”â”[0m [1m16s[0m 5ms/step
[1m3046/6224[0m [32mâ”â”â”â”â”â”â”â”â”[0m[37mâ”â”â”â”â”â”â”â”â”â”â”[0m [1m16s[0m 5ms/step
[1m3057/6224[0m [32mâ”â”â”â”â”â”â”â”â”[0m[37mâ”â”â”â”â”â”â”â”â”â”â”[0m [1m16s[0m 5ms/step
[1m3068/6224[0m [32mâ”â”â”â”â”â”â”â”â”[0m[37mâ”â”â”â”â”â”â”â”â”â”â”[0m [1m16s[0m 5ms/step
[1m3077/6224[0m [32mâ”â”â”â”â”â”â”â”â”[0m[37mâ”â”â”â”â”â”â”â”â”â”â”[0m [1m15s[0m 5ms/step
[1m3086/6224[0m [32mâ”â”â”â”â”â”â”â”â”[0m[37mâ”â”â”â”â”â”â”â”â”â”â”[0m [1m15s[0m 5ms/step
[1m3097/6224[0m [32mâ”â”â”â”â”â”â”â”â”[0m[37mâ”â”â”â”â”â”â”â”â”â”â”[0m [1m15s[0m 5ms/step
[1m3109/6224[0m [32mâ”â”â”â”â”â”â”â”â”[0m[37mâ”â”â”â”â”â”â”â”â”â”â”[0m [1m15s[0m 5ms/step
[1m3120/6224[0m [32mâ”â”â”â”â”â”â”â”â”â”[0m[37mâ”â”â”â”â”â”â”â”â”â”[0m [1m15s[0m 5ms/step
[1m3131/6224[0m [32mâ”â”â”â”â”â”â”â”â”â”[0m[37mâ”â”â”â”â”â”â”â”â”â”[0m [1m15s[0m 5ms/step
[1m3140/6224[0m [32mâ”â”â”â”â”â”â”â”â”â”[0m[37mâ”â”â”â”â”â”â”â”â”â”[0m [1m15s[0m 5ms/step
[1m3150/6224[0m [32mâ”â”â”â”â”â”â”â”â”â”[0m[37mâ”â”â”â”â”â”â”â”â”â”[0m [1m15s[0m 5ms/step
[1m3160/6224[0m [32mâ”â”â”â”â”â”â”â”â”â”[0m[37mâ”â”â”â”â”â”â”â”â”â”[0m [1m15s[0m 5ms/step
[1m3169/6224[0m [32mâ”â”â”â”â”â”â”â”â”â”[0m[37mâ”â”â”â”â”â”â”â”â”â”[0m [1m15s[0m 5ms/step
[1m3179/6224[0m [32mâ”â”â”â”â”â”â”â”â”â”[0m[37mâ”â”â”â”â”â”â”â”â”â”[0m [1m15s[0m 5ms/step
[1m3190/6224[0m [32mâ”â”â”â”â”â”â”â”â”â”[0m[37mâ”â”â”â”â”â”â”â”â”â”[0m [1m15s[0m 5ms/step
[1m3201/6224[0m [32mâ”â”â”â”â”â”â”â”â”â”[0m[37mâ”â”â”â”â”â”â”â”â”â”[0m [1m15s[0m 5ms/step
[1m3212/6224[0m [32mâ”â”â”â”â”â”â”â”â”â”[0m[37mâ”â”â”â”â”â”â”â”â”â”[0m [1m15s[0m 5ms/step
[1m3223/6224[0m [32mâ”â”â”â”â”â”â”â”â”â”[0m[37mâ”â”â”â”â”â”â”â”â”â”[0m [1m15s[0m 5ms/step
[1m3234/6224[0m [32mâ”â”â”â”â”â”â”â”â”â”[0m[37mâ”â”â”â”â”â”â”â”â”â”[0m [1m15s[0m 5ms/step
[1m3246/6224[0m [32mâ”â”â”â”â”â”â”â”â”â”[0m[37mâ”â”â”â”â”â”â”â”â”â”[0m [1m15s[0m 5ms/step
[1m3257/6224[0m [32mâ”â”â”â”â”â”â”â”â”â”[0m[37mâ”â”â”â”â”â”â”â”â”â”[0m [1m15s[0m 5ms/step
[1m3268/6224[0m [32mâ”â”â”â”â”â”â”â”â”â”[0m[37mâ”â”â”â”â”â”â”â”â”â”[0m [1m14s[0m 5ms/step
[1m3279/6224[0m [32mâ”â”â”â”â”â”â”â”â”â”[0m[37mâ”â”â”â”â”â”â”â”â”â”[0m [1m14s[0m 5ms/step
[1m3290/6224[0m [32mâ”â”â”â”â”â”â”â”â”â”[0m[37mâ”â”â”â”â”â”â”â”â”â”[0m [1m14s[0m 5ms/step
[1m3297/6224[0m [32mâ”â”â”â”â”â”â”â”â”â”[0m[37mâ”â”â”â”â”â”â”â”â”â”[0m [1m14s[0m 5ms/step
[1m3307/6224[0m [32mâ”â”â”â”â”â”â”â”â”â”[0m[37mâ”â”â”â”â”â”â”â”â”â”[0m [1m14s[0m 5ms/step
[1m3317/6224[0m [32mâ”â”â”â”â”â”â”â”â”â”[0m[37mâ”â”â”â”â”â”â”â”â”â”[0m [1m14s[0m 5ms/step
[1m3327/6224[0m [32mâ”â”â”â”â”â”â”â”â”â”[0m[37mâ”â”â”â”â”â”â”â”â”â”[0m [1m14s[0m 5ms/step
[1m3337/6224[0m [32mâ”â”â”â”â”â”â”â”â”â”[0m[37mâ”â”â”â”â”â”â”â”â”â”[0m [1m14s[0m 5ms/step
[1m3347/6224[0m [32mâ”â”â”â”â”â”â”â”â”â”[0m[37mâ”â”â”â”â”â”â”â”â”â”[0m [1m14s[0m 5ms/step
[1m3358/6224[0m [32mâ”â”â”â”â”â”â”â”â”â”[0m[37mâ”â”â”â”â”â”â”â”â”â”[0m [1m14s[0m 5ms/step
[1m3369/6224[0m [32mâ”â”â”â”â”â”â”â”â”â”[0m[37mâ”â”â”â”â”â”â”â”â”â”[0m [1m14s[0m 5ms/step
[1m3380/6224[0m [32mâ”â”â”â”â”â”â”â”â”â”[0m[37mâ”â”â”â”â”â”â”â”â”â”[0m [1m14s[0m 5ms/step
[1m3391/6224[0m [32mâ”â”â”â”â”â”â”â”â”â”[0m[37mâ”â”â”â”â”â”â”â”â”â”[0m [1m14s[0m 5ms/step
[1m3400/6224[0m [32mâ”â”â”â”â”â”â”â”â”â”[0m[37mâ”â”â”â”â”â”â”â”â”â”[0m [1m14s[0m 5ms/step
[1m3410/6224[0m [32mâ”â”â”â”â”â”â”â”â”â”[0m[37mâ”â”â”â”â”â”â”â”â”â”[0m [1m14s[0m 5ms/step
[1m3421/6224[0m [32mâ”â”â”â”â”â”â”â”â”â”[0m[37mâ”â”â”â”â”â”â”â”â”â”[0m [1m14s[0m 5ms/step
[1m3432/6224[0m [32mâ”â”â”â”â”â”â”â”â”â”â”[0m[37mâ”â”â”â”â”â”â”â”â”[0m [1m14s[0m 5ms/step
[1m3443/6224[0m [32mâ”â”â”â”â”â”â”â”â”â”â”[0m[37mâ”â”â”â”â”â”â”â”â”[0m [1m14s[0m 5ms/step
[1m3454/6224[0m [32mâ”â”â”â”â”â”â”â”â”â”â”[0m[37mâ”â”â”â”â”â”â”â”â”[0m [1m14s[0m 5ms/step
[1m3464/6224[0m [32mâ”â”â”â”â”â”â”â”â”â”â”[0m[37mâ”â”â”â”â”â”â”â”â”[0m [1m13s[0m 5ms/step
[1m3475/6224[0m [32mâ”â”â”â”â”â”â”â”â”â”â”[0m[37mâ”â”â”â”â”â”â”â”â”[0m [1m13s[0m 5ms/step
[1m3485/6224[0m [32mâ”â”â”â”â”â”â”â”â”â”â”[0m[37mâ”â”â”â”â”â”â”â”â”[0m [1m13s[0m 5ms/step
[1m3495/6224[0m [32mâ”â”â”â”â”â”â”â”â”â”â”[0m[37mâ”â”â”â”â”â”â”â”â”[0m [1m13s[0m 5ms/step
[1m3505/6224[0m [32mâ”â”â”â”â”â”â”â”â”â”â”[0m[37mâ”â”â”â”â”â”â”â”â”[0m [1m13s[0m 5ms/step
[1m3515/6224[0m [32mâ”â”â”â”â”â”â”â”â”â”â”[0m[37mâ”â”â”â”â”â”â”â”â”[0m [1m13s[0m 5ms/step
[1m3525/6224[0m [32mâ”â”â”â”â”â”â”â”â”â”â”[0m[37mâ”â”â”â”â”â”â”â”â”[0m [1m13s[0m 5ms/step
[1m3534/6224[0m [32mâ”â”â”â”â”â”â”â”â”â”â”[0m[37mâ”â”â”â”â”â”â”â”â”[0m [1m13s[0m 5ms/step
[1m3544/6224[0m [32mâ”â”â”â”â”â”â”â”â”â”â”[0m[37mâ”â”â”â”â”â”â”â”â”[0m [1m13s[0m 5ms/step
[1m3554/6224[0m [32mâ”â”â”â”â”â”â”â”â”â”â”[0m[37mâ”â”â”â”â”â”â”â”â”[0m [1m13s[0m 5ms/step
[1m3563/6224[0m [32mâ”â”â”â”â”â”â”â”â”â”â”[0m[37mâ”â”â”â”â”â”â”â”â”[0m [1m13s[0m 5ms/step
[1m3571/6224[0m [32mâ”â”â”â”â”â”â”â”â”â”â”[0m[37mâ”â”â”â”â”â”â”â”â”[0m [1m13s[0m 5ms/step
[1m3579/6224[0m [32mâ”â”â”â”â”â”â”â”â”â”â”[0m[37mâ”â”â”â”â”â”â”â”â”[0m [1m13s[0m 5ms/step
[1m3587/6224[0m [32mâ”â”â”â”â”â”â”â”â”â”â”[0m[37mâ”â”â”â”â”â”â”â”â”[0m [1m13s[0m 5ms/step
[1m3595/6224[0m [32mâ”â”â”â”â”â”â”â”â”â”â”[0m[37mâ”â”â”â”â”â”â”â”â”[0m [1m13s[0m 5ms/step
[1m3604/6224[0m [32mâ”â”â”â”â”â”â”â”â”â”â”[0m[37mâ”â”â”â”â”â”â”â”â”[0m [1m13s[0m 5ms/step
[1m3612/6224[0m [32mâ”â”â”â”â”â”â”â”â”â”â”[0m[37mâ”â”â”â”â”â”â”â”â”[0m [1m13s[0m 5ms/step
[1m3621/6224[0m [32mâ”â”â”â”â”â”â”â”â”â”â”[0m[37mâ”â”â”â”â”â”â”â”â”[0m [1m13s[0m 5ms/step
[1m3630/6224[0m [32mâ”â”â”â”â”â”â”â”â”â”â”[0m[37mâ”â”â”â”â”â”â”â”â”[0m [1m13s[0m 5ms/step
[1m3639/6224[0m [32mâ”â”â”â”â”â”â”â”â”â”â”[0m[37mâ”â”â”â”â”â”â”â”â”[0m [1m13s[0m 5ms/step
[1m3648/6224[0m [32mâ”â”â”â”â”â”â”â”â”â”â”[0m[37mâ”â”â”â”â”â”â”â”â”[0m [1m13s[0m 5ms/step
[1m3657/6224[0m [32mâ”â”â”â”â”â”â”â”â”â”â”[0m[37mâ”â”â”â”â”â”â”â”â”[0m [1m13s[0m 5ms/step
[1m3667/6224[0m [32mâ”â”â”â”â”â”â”â”â”â”â”[0m[37mâ”â”â”â”â”â”â”â”â”[0m [1m13s[0m 5ms/step
[1m3677/6224[0m [32mâ”â”â”â”â”â”â”â”â”â”â”[0m[37mâ”â”â”â”â”â”â”â”â”[0m [1m13s[0m 5ms/step
[1m3686/6224[0m [32mâ”â”â”â”â”â”â”â”â”â”â”[0m[37mâ”â”â”â”â”â”â”â”â”[0m [1m12s[0m 5ms/step
[1m3695/6224[0m [32mâ”â”â”â”â”â”â”â”â”â”â”[0m[37mâ”â”â”â”â”â”â”â”â”[0m [1m12s[0m 5ms/step
[1m3702/6224[0m [32mâ”â”â”â”â”â”â”â”â”â”â”[0m[37mâ”â”â”â”â”â”â”â”â”[0m [1m12s[0m 5ms/step
[1m3711/6224[0m [32mâ”â”â”â”â”â”â”â”â”â”â”[0m[37mâ”â”â”â”â”â”â”â”â”[0m [1m12s[0m 5ms/step
[1m3721/6224[0m [32mâ”â”â”â”â”â”â”â”â”â”â”[0m[37mâ”â”â”â”â”â”â”â”â”[0m [1m12s[0m 5ms/step
[1m3731/6224[0m [32mâ”â”â”â”â”â”â”â”â”â”â”[0m[37mâ”â”â”â”â”â”â”â”â”[0m [1m12s[0m 5ms/step
[1m3741/6224[0m [32mâ”â”â”â”â”â”â”â”â”â”â”â”[0m[37mâ”â”â”â”â”â”â”â”[0m [1m12s[0m 5ms/step
[1m3751/6224[0m [32mâ”â”â”â”â”â”â”â”â”â”â”â”[0m[37mâ”â”â”â”â”â”â”â”[0m [1m12s[0m 5ms/step
[1m3761/6224[0m [32mâ”â”â”â”â”â”â”â”â”â”â”â”[0m[37mâ”â”â”â”â”â”â”â”[0m [1m12s[0m 5ms/step
[1m3771/6224[0m [32mâ”â”â”â”â”â”â”â”â”â”â”â”[0m[37mâ”â”â”â”â”â”â”â”[0m [1m12s[0m 5ms/step
[1m3781/6224[0m [32mâ”â”â”â”â”â”â”â”â”â”â”â”[0m[37mâ”â”â”â”â”â”â”â”[0m [1m12s[0m 5ms/step
[1m3791/6224[0m [32mâ”â”â”â”â”â”â”â”â”â”â”â”[0m[37mâ”â”â”â”â”â”â”â”[0m [1m12s[0m 5ms/step
[1m3801/6224[0m [32mâ”â”â”â”â”â”â”â”â”â”â”â”[0m[37mâ”â”â”â”â”â”â”â”[0m [1m12s[0m 5ms/step
[1m3812/6224[0m [32mâ”â”â”â”â”â”â”â”â”â”â”â”[0m[37mâ”â”â”â”â”â”â”â”[0m [1m12s[0m 5ms/step
[1m3822/6224[0m [32mâ”â”â”â”â”â”â”â”â”â”â”â”[0m[37mâ”â”â”â”â”â”â”â”[0m [1m12s[0m 5ms/step
[1m3831/6224[0m [32mâ”â”â”â”â”â”â”â”â”â”â”â”[0m[37mâ”â”â”â”â”â”â”â”[0m [1m12s[0m 5ms/step
[1m3841/6224[0m [32mâ”â”â”â”â”â”â”â”â”â”â”â”[0m[37mâ”â”â”â”â”â”â”â”[0m [1m12s[0m 5ms/step
[1m3851/6224[0m [32mâ”â”â”â”â”â”â”â”â”â”â”â”[0m[37mâ”â”â”â”â”â”â”â”[0m [1m12s[0m 5ms/step
[1m3861/6224[0m [32mâ”â”â”â”â”â”â”â”â”â”â”â”[0m[37mâ”â”â”â”â”â”â”â”[0m [1m12s[0m 5ms/step
[1m3871/6224[0m [32mâ”â”â”â”â”â”â”â”â”â”â”â”[0m[37mâ”â”â”â”â”â”â”â”[0m [1m12s[0m 5ms/step
[1m3881/6224[0m [32mâ”â”â”â”â”â”â”â”â”â”â”â”[0m[37mâ”â”â”â”â”â”â”â”[0m [1m12s[0m 5ms/step
[1m3891/6224[0m [32mâ”â”â”â”â”â”â”â”â”â”â”â”[0m[37mâ”â”â”â”â”â”â”â”[0m [1m11s[0m 5ms/step
[1m3902/6224[0m [32mâ”â”â”â”â”â”â”â”â”â”â”â”[0m[37mâ”â”â”â”â”â”â”â”[0m [1m11s[0m 5ms/step
[1m3913/6224[0m [32mâ”â”â”â”â”â”â”â”â”â”â”â”[0m[37mâ”â”â”â”â”â”â”â”[0m [1m11s[0m 5ms/step
[1m3922/6224[0m [32mâ”â”â”â”â”â”â”â”â”â”â”â”[0m[37mâ”â”â”â”â”â”â”â”[0m [1m11s[0m 5ms/step
[1m3932/6224[0m [32mâ”â”â”â”â”â”â”â”â”â”â”â”[0m[37mâ”â”â”â”â”â”â”â”[0m [1m11s[0m 5ms/step
[1m3943/6224[0m [32mâ”â”â”â”â”â”â”â”â”â”â”â”[0m[37mâ”â”â”â”â”â”â”â”[0m [1m11s[0m 5ms/step
[1m3954/6224[0m [32mâ”â”â”â”â”â”â”â”â”â”â”â”[0m[37mâ”â”â”â”â”â”â”â”[0m [1m11s[0m 5ms/step
[1m3965/6224[0m [32mâ”â”â”â”â”â”â”â”â”â”â”â”[0m[37mâ”â”â”â”â”â”â”â”[0m [1m11s[0m 5ms/step
[1m3976/6224[0m [32mâ”â”â”â”â”â”â”â”â”â”â”â”[0m[37mâ”â”â”â”â”â”â”â”[0m [1m11s[0m 5ms/step
[1m3988/6224[0m [32mâ”â”â”â”â”â”â”â”â”â”â”â”[0m[37mâ”â”â”â”â”â”â”â”[0m [1m11s[0m 5ms/step
[1m4000/6224[0m [32mâ”â”â”â”â”â”â”â”â”â”â”â”[0m[37mâ”â”â”â”â”â”â”â”[0m [1m11s[0m 5ms/step
[1m4011/6224[0m [32mâ”â”â”â”â”â”â”â”â”â”â”â”[0m[37mâ”â”â”â”â”â”â”â”[0m [1m11s[0m 5ms/step
[1m4023/6224[0m [32mâ”â”â”â”â”â”â”â”â”â”â”â”[0m[37mâ”â”â”â”â”â”â”â”[0m [1m11s[0m 5ms/step
[1m4034/6224[0m [32mâ”â”â”â”â”â”â”â”â”â”â”â”[0m[37mâ”â”â”â”â”â”â”â”[0m [1m11s[0m 5ms/step
[1m4045/6224[0m [32mâ”â”â”â”â”â”â”â”â”â”â”â”[0m[37mâ”â”â”â”â”â”â”â”[0m [1m11s[0m 5ms/step
[1m4056/6224[0m [32mâ”â”â”â”â”â”â”â”â”â”â”â”â”[0m[37mâ”â”â”â”â”â”â”[0m [1m11s[0m 5ms/step
[1m4067/6224[0m [32mâ”â”â”â”â”â”â”â”â”â”â”â”â”[0m[37mâ”â”â”â”â”â”â”[0m [1m11s[0m 5ms/step
[1m4078/6224[0m [32mâ”â”â”â”â”â”â”â”â”â”â”â”â”[0m[37mâ”â”â”â”â”â”â”[0m [1m10s[0m 5ms/step
[1m4088/6224[0m [32mâ”â”â”â”â”â”â”â”â”â”â”â”â”[0m[37mâ”â”â”â”â”â”â”[0m [1m10s[0m 5ms/step
[1m4098/6224[0m [32mâ”â”â”â”â”â”â”â”â”â”â”â”â”[0m[37mâ”â”â”â”â”â”â”[0m [1m10s[0m 5ms/step
[1m4106/6224[0m [32mâ”â”â”â”â”â”â”â”â”â”â”â”â”[0m[37mâ”â”â”â”â”â”â”[0m [1m10s[0m 5ms/step
[1m4116/6224[0m [32mâ”â”â”â”â”â”â”â”â”â”â”â”â”[0m[37mâ”â”â”â”â”â”â”[0m [1m10s[0m 5ms/step
[1m4126/6224[0m [32mâ”â”â”â”â”â”â”â”â”â”â”â”â”[0m[37mâ”â”â”â”â”â”â”[0m [1m10s[0m 5ms/step
[1m4135/6224[0m [32mâ”â”â”â”â”â”â”â”â”â”â”â”â”[0m[37mâ”â”â”â”â”â”â”[0m [1m10s[0m 5ms/step
[1m4145/6224[0m [32mâ”â”â”â”â”â”â”â”â”â”â”â”â”[0m[37mâ”â”â”â”â”â”â”[0m [1m10s[0m 5ms/step
[1m4154/6224[0m [32mâ”â”â”â”â”â”â”â”â”â”â”â”â”[0m[37mâ”â”â”â”â”â”â”[0m [1m10s[0m 5ms/step
[1m4163/6224[0m [32mâ”â”â”â”â”â”â”â”â”â”â”â”â”[0m[37mâ”â”â”â”â”â”â”[0m [1m10s[0m 5ms/step
[1m4173/6224[0m [32mâ”â”â”â”â”â”â”â”â”â”â”â”â”[0m[37mâ”â”â”â”â”â”â”[0m [1m10s[0m 5ms/step
[1m4183/6224[0m [32mâ”â”â”â”â”â”â”â”â”â”â”â”â”[0m[37mâ”â”â”â”â”â”â”[0m [1m10s[0m 5ms/step
[1m4192/6224[0m [32mâ”â”â”â”â”â”â”â”â”â”â”â”â”[0m[37mâ”â”â”â”â”â”â”[0m [1m10s[0m 5ms/step
[1m4201/6224[0m [32mâ”â”â”â”â”â”â”â”â”â”â”â”â”[0m[37mâ”â”â”â”â”â”â”[0m [1m10s[0m 5ms/step
[1m4210/6224[0m [32mâ”â”â”â”â”â”â”â”â”â”â”â”â”[0m[37mâ”â”â”â”â”â”â”[0m [1m10s[0m 5ms/step
[1m4220/6224[0m [32mâ”â”â”â”â”â”â”â”â”â”â”â”â”[0m[37mâ”â”â”â”â”â”â”[0m [1m10s[0m 5ms/step
[1m4230/6224[0m [32mâ”â”â”â”â”â”â”â”â”â”â”â”â”[0m[37mâ”â”â”â”â”â”â”[0m [1m10s[0m 5ms/step
[1m4241/6224[0m [32mâ”â”â”â”â”â”â”â”â”â”â”â”â”[0m[37mâ”â”â”â”â”â”â”[0m [1m10s[0m 5ms/step
[1m4251/6224[0m [32mâ”â”â”â”â”â”â”â”â”â”â”â”â”[0m[37mâ”â”â”â”â”â”â”[0m [1m10s[0m 5ms/step
[1m4260/6224[0m [32mâ”â”â”â”â”â”â”â”â”â”â”â”â”[0m[37mâ”â”â”â”â”â”â”[0m [1m10s[0m 5ms/step
[1m4268/6224[0m [32mâ”â”â”â”â”â”â”â”â”â”â”â”â”[0m[37mâ”â”â”â”â”â”â”[0m [1m10s[0m 5ms/step
[1m4277/6224[0m [32mâ”â”â”â”â”â”â”â”â”â”â”â”â”[0m[37mâ”â”â”â”â”â”â”[0m [1m10s[0m 5ms/step
[1m4287/6224[0m [32mâ”â”â”â”â”â”â”â”â”â”â”â”â”[0m[37mâ”â”â”â”â”â”â”[0m [1m9s[0m 5ms/step 
[1m4297/6224[0m [32mâ”â”â”â”â”â”â”â”â”â”â”â”â”[0m[37mâ”â”â”â”â”â”â”[0m [1m9s[0m 5ms/step
[1m4306/6224[0m [32mâ”â”â”â”â”â”â”â”â”â”â”â”â”[0m[37mâ”â”â”â”â”â”â”[0m [1m9s[0m 5ms/step
[1m4316/6224[0m [32mâ”â”â”â”â”â”â”â”â”â”â”â”â”[0m[37mâ”â”â”â”â”â”â”[0m [1m9s[0m 5ms/step
[1m4326/6224[0m [32mâ”â”â”â”â”â”â”â”â”â”â”â”â”[0m[37mâ”â”â”â”â”â”â”[0m [1m9s[0m 5ms/step
[1m4335/6224[0m [32mâ”â”â”â”â”â”â”â”â”â”â”â”â”[0m[37mâ”â”â”â”â”â”â”[0m [1m9s[0m 5ms/step
[1m4345/6224[0m [32mâ”â”â”â”â”â”â”â”â”â”â”â”â”[0m[37mâ”â”â”â”â”â”â”[0m [1m9s[0m 5ms/step
[1m4355/6224[0m [32mâ”â”â”â”â”â”â”â”â”â”â”â”â”[0m[37mâ”â”â”â”â”â”â”[0m [1m9s[0m 5ms/step
[1m4365/6224[0m [32mâ”â”â”â”â”â”â”â”â”â”â”â”â”â”[0m[37mâ”â”â”â”â”â”[0m [1m9s[0m 5ms/step
[1m4375/6224[0m [32mâ”â”â”â”â”â”â”â”â”â”â”â”â”â”[0m[37mâ”â”â”â”â”â”[0m [1m9s[0m 5ms/step
[1m4385/6224[0m [32mâ”â”â”â”â”â”â”â”â”â”â”â”â”â”[0m[37mâ”â”â”â”â”â”[0m [1m9s[0m 5ms/step
[1m4395/6224[0m [32mâ”â”â”â”â”â”â”â”â”â”â”â”â”â”[0m[37mâ”â”â”â”â”â”[0m [1m9s[0m 5ms/step
[1m4405/6224[0m [32mâ”â”â”â”â”â”â”â”â”â”â”â”â”â”[0m[37mâ”â”â”â”â”â”[0m [1m9s[0m 5ms/step
[1m4415/6224[0m [32mâ”â”â”â”â”â”â”â”â”â”â”â”â”â”[0m[37mâ”â”â”â”â”â”[0m [1m9s[0m 5ms/step
[1m4425/6224[0m [32mâ”â”â”â”â”â”â”â”â”â”â”â”â”â”[0m[37mâ”â”â”â”â”â”[0m [1m9s[0m 5ms/step
[1m4434/6224[0m [32mâ”â”â”â”â”â”â”â”â”â”â”â”â”â”[0m[37mâ”â”â”â”â”â”[0m [1m9s[0m 5ms/step
[1m4444/6224[0m [32mâ”â”â”â”â”â”â”â”â”â”â”â”â”â”[0m[37mâ”â”â”â”â”â”[0m [1m9s[0m 5ms/step
[1m4455/6224[0m [32mâ”â”â”â”â”â”â”â”â”â”â”â”â”â”[0m[37mâ”â”â”â”â”â”[0m [1m9s[0m 5ms/step
[1m4465/6224[0m [32mâ”â”â”â”â”â”â”â”â”â”â”â”â”â”[0m[37mâ”â”â”â”â”â”[0m [1m9s[0m 5ms/step
[1m4476/6224[0m [32mâ”â”â”â”â”â”â”â”â”â”â”â”â”â”[0m[37mâ”â”â”â”â”â”[0m [1m9s[0m 5ms/step
[1m4486/6224[0m [32mâ”â”â”â”â”â”â”â”â”â”â”â”â”â”[0m[37mâ”â”â”â”â”â”[0m [1m8s[0m 5ms/step
[1m4495/6224[0m [32mâ”â”â”â”â”â”â”â”â”â”â”â”â”â”[0m[37mâ”â”â”â”â”â”[0m [1m8s[0m 5ms/step
[1m4503/6224[0m [32mâ”â”â”â”â”â”â”â”â”â”â”â”â”â”[0m[37mâ”â”â”â”â”â”[0m [1m8s[0m 5ms/step
[1m4510/6224[0m [32mâ”â”â”â”â”â”â”â”â”â”â”â”â”â”[0m[37mâ”â”â”â”â”â”[0m [1m8s[0m 5ms/step
[1m4517/6224[0m [32mâ”â”â”â”â”â”â”â”â”â”â”â”â”â”[0m[37mâ”â”â”â”â”â”[0m [1m8s[0m 5ms/step
[1m4523/6224[0m [32mâ”â”â”â”â”â”â”â”â”â”â”â”â”â”[0m[37mâ”â”â”â”â”â”[0m [1m8s[0m 5ms/step
[1m4531/6224[0m [32mâ”â”â”â”â”â”â”â”â”â”â”â”â”â”[0m[37mâ”â”â”â”â”â”[0m [1m8s[0m 5ms/step
[1m4539/6224[0m [32mâ”â”â”â”â”â”â”â”â”â”â”â”â”â”[0m[37mâ”â”â”â”â”â”[0m [1m8s[0m 5ms/step
[1m4547/6224[0m [32mâ”â”â”â”â”â”â”â”â”â”â”â”â”â”[0m[37mâ”â”â”â”â”â”[0m [1m8s[0m 5ms/step
[1m4555/6224[0m [32mâ”â”â”â”â”â”â”â”â”â”â”â”â”â”[0m[37mâ”â”â”â”â”â”[0m [1m8s[0m 5ms/step
[1m4563/6224[0m [32mâ”â”â”â”â”â”â”â”â”â”â”â”â”â”[0m[37mâ”â”â”â”â”â”[0m [1m8s[0m 5ms/step
[1m4571/6224[0m [32mâ”â”â”â”â”â”â”â”â”â”â”â”â”â”[0m[37mâ”â”â”â”â”â”[0m [1m8s[0m 5ms/step
[1m4578/6224[0m [32mâ”â”â”â”â”â”â”â”â”â”â”â”â”â”[0m[37mâ”â”â”â”â”â”[0m [1m8s[0m 5ms/step
[1m4585/6224[0m [32mâ”â”â”â”â”â”â”â”â”â”â”â”â”â”[0m[37mâ”â”â”â”â”â”[0m [1m8s[0m 5ms/step
[1m4593/6224[0m [32mâ”â”â”â”â”â”â”â”â”â”â”â”â”â”[0m[37mâ”â”â”â”â”â”[0m [1m8s[0m 5ms/step
[1m4601/6224[0m [32mâ”â”â”â”â”â”â”â”â”â”â”â”â”â”[0m[37mâ”â”â”â”â”â”[0m [1m8s[0m 5ms/step
[1m4609/6224[0m [32mâ”â”â”â”â”â”â”â”â”â”â”â”â”â”[0m[37mâ”â”â”â”â”â”[0m [1m8s[0m 5ms/step
[1m4618/6224[0m [32mâ”â”â”â”â”â”â”â”â”â”â”â”â”â”[0m[37mâ”â”â”â”â”â”[0m [1m8s[0m 5ms/step
[1m4625/6224[0m [32mâ”â”â”â”â”â”â”â”â”â”â”â”â”â”[0m[37mâ”â”â”â”â”â”[0m [1m8s[0m 5ms/step
[1m4634/6224[0m [32mâ”â”â”â”â”â”â”â”â”â”â”â”â”â”[0m[37mâ”â”â”â”â”â”[0m [1m8s[0m 5ms/step
[1m4643/6224[0m [32mâ”â”â”â”â”â”â”â”â”â”â”â”â”â”[0m[37mâ”â”â”â”â”â”[0m [1m8s[0m 5ms/step
[1m4651/6224[0m [32mâ”â”â”â”â”â”â”â”â”â”â”â”â”â”[0m[37mâ”â”â”â”â”â”[0m [1m8s[0m 5ms/step
[1m4659/6224[0m [32mâ”â”â”â”â”â”â”â”â”â”â”â”â”â”[0m[37mâ”â”â”â”â”â”[0m [1m8s[0m 5ms/step
[1m4668/6224[0m [32mâ”â”â”â”â”â”â”â”â”â”â”â”â”â”â”[0m[37mâ”â”â”â”â”[0m [1m8s[0m 5ms/step
[1m4677/6224[0m [32mâ”â”â”â”â”â”â”â”â”â”â”â”â”â”â”[0m[37mâ”â”â”â”â”[0m [1m8s[0m 5ms/step
[1m4684/6224[0m [32mâ”â”â”â”â”â”â”â”â”â”â”â”â”â”â”[0m[37mâ”â”â”â”â”[0m [1m8s[0m 5ms/step
[1m4691/6224[0m [32mâ”â”â”â”â”â”â”â”â”â”â”â”â”â”â”[0m[37mâ”â”â”â”â”[0m [1m8s[0m 5ms/step
[1m4698/6224[0m [32mâ”â”â”â”â”â”â”â”â”â”â”â”â”â”â”[0m[37mâ”â”â”â”â”[0m [1m7s[0m 5ms/step
[1m4705/6224[0m [32mâ”â”â”â”â”â”â”â”â”â”â”â”â”â”â”[0m[37mâ”â”â”â”â”[0m [1m7s[0m 5ms/step
[1m4711/6224[0m [32mâ”â”â”â”â”â”â”â”â”â”â”â”â”â”â”[0m[37mâ”â”â”â”â”[0m [1m7s[0m 5ms/step
[1m4715/6224[0m [32mâ”â”â”â”â”â”â”â”â”â”â”â”â”â”â”[0m[37mâ”â”â”â”â”[0m [1m7s[0m 5ms/step
[1m4722/6224[0m [32mâ”â”â”â”â”â”â”â”â”â”â”â”â”â”â”[0m[37mâ”â”â”â”â”[0m [1m7s[0m 5ms/step
[1m4729/6224[0m [32mâ”â”â”â”â”â”â”â”â”â”â”â”â”â”â”[0m[37mâ”â”â”â”â”[0m [1m7s[0m 5ms/step
[1m4737/6224[0m [32mâ”â”â”â”â”â”â”â”â”â”â”â”â”â”â”[0m[37mâ”â”â”â”â”[0m [1m7s[0m 5ms/step
[1m4745/6224[0m [32mâ”â”â”â”â”â”â”â”â”â”â”â”â”â”â”[0m[37mâ”â”â”â”â”[0m [1m7s[0m 5ms/step
[1m4754/6224[0m [32mâ”â”â”â”â”â”â”â”â”â”â”â”â”â”â”[0m[37mâ”â”â”â”â”[0m [1m7s[0m 5ms/step
[1m4763/6224[0m [32mâ”â”â”â”â”â”â”â”â”â”â”â”â”â”â”[0m[37mâ”â”â”â”â”[0m [1m7s[0m 5ms/step
[1m4773/6224[0m [32mâ”â”â”â”â”â”â”â”â”â”â”â”â”â”â”[0m[37mâ”â”â”â”â”[0m [1m7s[0m 5ms/step
[1m4783/6224[0m [32mâ”â”â”â”â”â”â”â”â”â”â”â”â”â”â”[0m[37mâ”â”â”â”â”[0m [1m7s[0m 5ms/step
[1m4794/6224[0m [32mâ”â”â”â”â”â”â”â”â”â”â”â”â”â”â”[0m[37mâ”â”â”â”â”[0m [1m7s[0m 5ms/step
[1m4805/6224[0m [32mâ”â”â”â”â”â”â”â”â”â”â”â”â”â”â”[0m[37mâ”â”â”â”â”[0m [1m7s[0m 5ms/step
[1m4816/6224[0m [32mâ”â”â”â”â”â”â”â”â”â”â”â”â”â”â”[0m[37mâ”â”â”â”â”[0m [1m7s[0m 5ms/step
[1m4827/6224[0m [32mâ”â”â”â”â”â”â”â”â”â”â”â”â”â”â”[0m[37mâ”â”â”â”â”[0m [1m7s[0m 5ms/step
[1m4838/6224[0m [32mâ”â”â”â”â”â”â”â”â”â”â”â”â”â”â”[0m[37mâ”â”â”â”â”[0m [1m7s[0m 5ms/step
[1m4850/6224[0m [32mâ”â”â”â”â”â”â”â”â”â”â”â”â”â”â”[0m[37mâ”â”â”â”â”[0m [1m7s[0m 5ms/step
[1m4862/6224[0m [32mâ”â”â”â”â”â”â”â”â”â”â”â”â”â”â”[0m[37mâ”â”â”â”â”[0m [1m7s[0m 5ms/step
[1m4874/6224[0m [32mâ”â”â”â”â”â”â”â”â”â”â”â”â”â”â”[0m[37mâ”â”â”â”â”[0m [1m7s[0m 5ms/step
[1m4886/6224[0m [32mâ”â”â”â”â”â”â”â”â”â”â”â”â”â”â”[0m[37mâ”â”â”â”â”[0m [1m7s[0m 5ms/step
[1m4895/6224[0m [32mâ”â”â”â”â”â”â”â”â”â”â”â”â”â”â”[0m[37mâ”â”â”â”â”[0m [1m6s[0m 5ms/step
[1m4905/6224[0m [32mâ”â”â”â”â”â”â”â”â”â”â”â”â”â”â”[0m[37mâ”â”â”â”â”[0m [1m6s[0m 5ms/step
[1m4917/6224[0m [32mâ”â”â”â”â”â”â”â”â”â”â”â”â”â”â”[0m[37mâ”â”â”â”â”[0m [1m6s[0m 5ms/step
[1m4928/6224[0m [32mâ”â”â”â”â”â”â”â”â”â”â”â”â”â”â”[0m[37mâ”â”â”â”â”[0m [1m6s[0m 5ms/step
[1m4940/6224[0m [32mâ”â”â”â”â”â”â”â”â”â”â”â”â”â”â”[0m[37mâ”â”â”â”â”[0m [1m6s[0m 5ms/step
[1m4950/6224[0m [32mâ”â”â”â”â”â”â”â”â”â”â”â”â”â”â”[0m[37mâ”â”â”â”â”[0m [1m6s[0m 5ms/step
[1m4961/6224[0m [32mâ”â”â”â”â”â”â”â”â”â”â”â”â”â”â”[0m[37mâ”â”â”â”â”[0m [1m6s[0m 5ms/step
[1m4974/6224[0m [32mâ”â”â”â”â”â”â”â”â”â”â”â”â”â”â”[0m[37mâ”â”â”â”â”[0m [1m6s[0m 5ms/step
[1m4987/6224[0m [32mâ”â”â”â”â”â”â”â”â”â”â”â”â”â”â”â”[0m[37mâ”â”â”â”[0m [1m6s[0m 5ms/step
[1m5000/6224[0m [32mâ”â”â”â”â”â”â”â”â”â”â”â”â”â”â”â”[0m[37mâ”â”â”â”[0m [1m6s[0m 5ms/step
[1m5012/6224[0m [32mâ”â”â”â”â”â”â”â”â”â”â”â”â”â”â”â”[0m[37mâ”â”â”â”[0m [1m6s[0m 5ms/step
[1m5024/6224[0m [32mâ”â”â”â”â”â”â”â”â”â”â”â”â”â”â”â”[0m[37mâ”â”â”â”[0m [1m6s[0m 5ms/step
[1m5035/6224[0m [32mâ”â”â”â”â”â”â”â”â”â”â”â”â”â”â”â”[0m[37mâ”â”â”â”[0m [1m6s[0m 5ms/step
[1m5046/6224[0m [32mâ”â”â”â”â”â”â”â”â”â”â”â”â”â”â”â”[0m[37mâ”â”â”â”[0m [1m6s[0m 5ms/step
[1m5058/6224[0m [32mâ”â”â”â”â”â”â”â”â”â”â”â”â”â”â”â”[0m[37mâ”â”â”â”[0m [1m6s[0m 5ms/step
[1m5068/6224[0m [32mâ”â”â”â”â”â”â”â”â”â”â”â”â”â”â”â”[0m[37mâ”â”â”â”[0m [1m6s[0m 5ms/step
[1m5079/6224[0m [32mâ”â”â”â”â”â”â”â”â”â”â”â”â”â”â”â”[0m[37mâ”â”â”â”[0m [1m5s[0m 5ms/step
[1m5090/6224[0m [32mâ”â”â”â”â”â”â”â”â”â”â”â”â”â”â”â”[0m[37mâ”â”â”â”[0m [1m5s[0m 5ms/step
[1m5102/6224[0m [32mâ”â”â”â”â”â”â”â”â”â”â”â”â”â”â”â”[0m[37mâ”â”â”â”[0m [1m5s[0m 5ms/step
[1m5114/6224[0m [32mâ”â”â”â”â”â”â”â”â”â”â”â”â”â”â”â”[0m[37mâ”â”â”â”[0m [1m5s[0m 5ms/step
[1m5125/6224[0m [32mâ”â”â”â”â”â”â”â”â”â”â”â”â”â”â”â”[0m[37mâ”â”â”â”[0m [1m5s[0m 5ms/step
[1m5137/6224[0m [32mâ”â”â”â”â”â”â”â”â”â”â”â”â”â”â”â”[0m[37mâ”â”â”â”[0m [1m5s[0m 5ms/step
[1m5148/6224[0m [32mâ”â”â”â”â”â”â”â”â”â”â”â”â”â”â”â”[0m[37mâ”â”â”â”[0m [1m5s[0m 5ms/step
[1m5159/6224[0m [32mâ”â”â”â”â”â”â”â”â”â”â”â”â”â”â”â”[0m[37mâ”â”â”â”[0m [1m5s[0m 5ms/step
[1m5169/6224[0m [32mâ”â”â”â”â”â”â”â”â”â”â”â”â”â”â”â”[0m[37mâ”â”â”â”[0m [1m5s[0m 5ms/step
[1m5180/6224[0m [32mâ”â”â”â”â”â”â”â”â”â”â”â”â”â”â”â”[0m[37mâ”â”â”â”[0m [1m5s[0m 5ms/step
[1m5191/6224[0m [32mâ”â”â”â”â”â”â”â”â”â”â”â”â”â”â”â”[0m[37mâ”â”â”â”[0m [1m5s[0m 5ms/step
[1m5200/6224[0m [32mâ”â”â”â”â”â”â”â”â”â”â”â”â”â”â”â”[0m[37mâ”â”â”â”[0m [1m5s[0m 5ms/step
[1m5210/6224[0m [32mâ”â”â”â”â”â”â”â”â”â”â”â”â”â”â”â”[0m[37mâ”â”â”â”[0m [1m5s[0m 5ms/step
[1m5218/6224[0m [32mâ”â”â”â”â”â”â”â”â”â”â”â”â”â”â”â”[0m[37mâ”â”â”â”[0m [1m5s[0m 5ms/step
[1m5228/6224[0m [32mâ”â”â”â”â”â”â”â”â”â”â”â”â”â”â”â”[0m[37mâ”â”â”â”[0m [1m5s[0m 5ms/step
[1m5238/6224[0m [32mâ”â”â”â”â”â”â”â”â”â”â”â”â”â”â”â”[0m[37mâ”â”â”â”[0m [1m5s[0m 5ms/step
[1m5248/6224[0m [32mâ”â”â”â”â”â”â”â”â”â”â”â”â”â”â”â”[0m[37mâ”â”â”â”[0m [1m5s[0m 5ms/step
[1m5258/6224[0m [32mâ”â”â”â”â”â”â”â”â”â”â”â”â”â”â”â”[0m[37mâ”â”â”â”[0m [1m5s[0m 5ms/step
[1m5269/6224[0m [32mâ”â”â”â”â”â”â”â”â”â”â”â”â”â”â”â”[0m[37mâ”â”â”â”[0m [1m4s[0m 5ms/step
[1m5280/6224[0m [32mâ”â”â”â”â”â”â”â”â”â”â”â”â”â”â”â”[0m[37mâ”â”â”â”[0m [1m4s[0m 5ms/step
[1m5291/6224[0m [32mâ”â”â”â”â”â”â”â”â”â”â”â”â”â”â”â”â”[0m[37mâ”â”â”[0m [1m4s[0m 5ms/step
[1m5302/6224[0m [32mâ”â”â”â”â”â”â”â”â”â”â”â”â”â”â”â”â”[0m[37mâ”â”â”[0m [1m4s[0m 5ms/step
[1m5313/6224[0m [32mâ”â”â”â”â”â”â”â”â”â”â”â”â”â”â”â”â”[0m[37mâ”â”â”[0m [1m4s[0m 5ms/step
[1m5324/6224[0m [32mâ”â”â”â”â”â”â”â”â”â”â”â”â”â”â”â”â”[0m[37mâ”â”â”[0m [1m4s[0m 5ms/step
[1m5335/6224[0m [32mâ”â”â”â”â”â”â”â”â”â”â”â”â”â”â”â”â”[0m[37mâ”â”â”[0m [1m4s[0m 5ms/step
[1m5346/6224[0m [32mâ”â”â”â”â”â”â”â”â”â”â”â”â”â”â”â”â”[0m[37mâ”â”â”[0m [1m4s[0m 5ms/step
[1m5356/6224[0m [32mâ”â”â”â”â”â”â”â”â”â”â”â”â”â”â”â”â”[0m[37mâ”â”â”[0m [1m4s[0m 5ms/step
[1m5365/6224[0m [32mâ”â”â”â”â”â”â”â”â”â”â”â”â”â”â”â”â”[0m[37mâ”â”â”[0m [1m4s[0m 5ms/step
[1m5374/6224[0m [32mâ”â”â”â”â”â”â”â”â”â”â”â”â”â”â”â”â”[0m[37mâ”â”â”[0m [1m4s[0m 5ms/step
[1m5383/6224[0m [32mâ”â”â”â”â”â”â”â”â”â”â”â”â”â”â”â”â”[0m[37mâ”â”â”[0m [1m4s[0m 5ms/step
[1m5392/6224[0m [32mâ”â”â”â”â”â”â”â”â”â”â”â”â”â”â”â”â”[0m[37mâ”â”â”[0m [1m4s[0m 5ms/step
[1m5399/6224[0m [32mâ”â”â”â”â”â”â”â”â”â”â”â”â”â”â”â”â”[0m[37mâ”â”â”[0m [1m4s[0m 5ms/step
[1m5407/6224[0m [32mâ”â”â”â”â”â”â”â”â”â”â”â”â”â”â”â”â”[0m[37mâ”â”â”[0m [1m4s[0m 5ms/step
[1m5415/6224[0m [32mâ”â”â”â”â”â”â”â”â”â”â”â”â”â”â”â”â”[0m[37mâ”â”â”[0m [1m4s[0m 5ms/step
[1m5421/6224[0m [32mâ”â”â”â”â”â”â”â”â”â”â”â”â”â”â”â”â”[0m[37mâ”â”â”[0m [1m4s[0m 5ms/step
[1m5427/6224[0m [32mâ”â”â”â”â”â”â”â”â”â”â”â”â”â”â”â”â”[0m[37mâ”â”â”[0m [1m4s[0m 5ms/step
[1m5430/6224[0m [32mâ”â”â”â”â”â”â”â”â”â”â”â”â”â”â”â”â”[0m[37mâ”â”â”[0m [1m4s[0m 5ms/step
[1m5436/6224[0m [32mâ”â”â”â”â”â”â”â”â”â”â”â”â”â”â”â”â”[0m[37mâ”â”â”[0m [1m4s[0m 5ms/step
[1m5442/6224[0m [32mâ”â”â”â”â”â”â”â”â”â”â”â”â”â”â”â”â”[0m[37mâ”â”â”[0m [1m4s[0m 5ms/step
[1m5448/6224[0m [32mâ”â”â”â”â”â”â”â”â”â”â”â”â”â”â”â”â”[0m[37mâ”â”â”[0m [1m4s[0m 5ms/step
[1m5454/6224[0m [32mâ”â”â”â”â”â”â”â”â”â”â”â”â”â”â”â”â”[0m[37mâ”â”â”[0m [1m4s[0m 5ms/step
[1m5460/6224[0m [32mâ”â”â”â”â”â”â”â”â”â”â”â”â”â”â”â”â”[0m[37mâ”â”â”[0m [1m4s[0m 5ms/step
[1m5467/6224[0m [32mâ”â”â”â”â”â”â”â”â”â”â”â”â”â”â”â”â”[0m[37mâ”â”â”[0m [1m3s[0m 5ms/step
[1m5474/6224[0m [32mâ”â”â”â”â”â”â”â”â”â”â”â”â”â”â”â”â”[0m[37mâ”â”â”[0m [1m3s[0m 5ms/step
[1m5480/6224[0m [32mâ”â”â”â”â”â”â”â”â”â”â”â”â”â”â”â”â”[0m[37mâ”â”â”[0m [1m3s[0m 5ms/step
[1m5487/6224[0m [32mâ”â”â”â”â”â”â”â”â”â”â”â”â”â”â”â”â”[0m[37mâ”â”â”[0m [1m3s[0m 5ms/step
[1m5494/6224[0m [32mâ”â”â”â”â”â”â”â”â”â”â”â”â”â”â”â”â”[0m[37mâ”â”â”[0m [1m3s[0m 5ms/step
[1m5502/6224[0m [32mâ”â”â”â”â”â”â”â”â”â”â”â”â”â”â”â”â”[0m[37mâ”â”â”[0m [1m3s[0m 5ms/step
[1m5510/6224[0m [32mâ”â”â”â”â”â”â”â”â”â”â”â”â”â”â”â”â”[0m[37mâ”â”â”[0m [1m3s[0m 5ms/step
[1m5518/6224[0m [32mâ”â”â”â”â”â”â”â”â”â”â”â”â”â”â”â”â”[0m[37mâ”â”â”[0m [1m3s[0m 5ms/step
[1m5525/6224[0m [32mâ”â”â”â”â”â”â”â”â”â”â”â”â”â”â”â”â”[0m[37mâ”â”â”[0m [1m3s[0m 5ms/step
[1m5533/6224[0m [32mâ”â”â”â”â”â”â”â”â”â”â”â”â”â”â”â”â”[0m[37mâ”â”â”[0m [1m3s[0m 5ms/step
[1m5541/6224[0m [32mâ”â”â”â”â”â”â”â”â”â”â”â”â”â”â”â”â”[0m[37mâ”â”â”[0m [1m3s[0m 5ms/step
[1m5549/6224[0m [32mâ”â”â”â”â”â”â”â”â”â”â”â”â”â”â”â”â”[0m[37mâ”â”â”[0m [1m3s[0m 5ms/step
[1m5557/6224[0m [32mâ”â”â”â”â”â”â”â”â”â”â”â”â”â”â”â”â”[0m[37mâ”â”â”[0m [1m3s[0m 5ms/step
[1m5565/6224[0m [32mâ”â”â”â”â”â”â”â”â”â”â”â”â”â”â”â”â”[0m[37mâ”â”â”[0m [1m3s[0m 5ms/step
[1m5573/6224[0m [32mâ”â”â”â”â”â”â”â”â”â”â”â”â”â”â”â”â”[0m[37mâ”â”â”[0m [1m3s[0m 5ms/step
[1m5577/6224[0m [32mâ”â”â”â”â”â”â”â”â”â”â”â”â”â”â”â”â”[0m[37mâ”â”â”[0m [1m3s[0m 5ms/step
[1m5584/6224[0m [32mâ”â”â”â”â”â”â”â”â”â”â”â”â”â”â”â”â”[0m[37mâ”â”â”[0m [1m3s[0m 5ms/step
[1m5592/6224[0m [32mâ”â”â”â”â”â”â”â”â”â”â”â”â”â”â”â”â”[0m[37mâ”â”â”[0m [1m3s[0m 5ms/step
[1m5601/6224[0m [32mâ”â”â”â”â”â”â”â”â”â”â”â”â”â”â”â”â”[0m[37mâ”â”â”[0m [1m3s[0m 5ms/step
[1m5610/6224[0m [32mâ”â”â”â”â”â”â”â”â”â”â”â”â”â”â”â”â”â”[0m[37mâ”â”[0m [1m3s[0m 5ms/step
[1m5619/6224[0m [32mâ”â”â”â”â”â”â”â”â”â”â”â”â”â”â”â”â”â”[0m[37mâ”â”[0m [1m3s[0m 5ms/step
[1m5628/6224[0m [32mâ”â”â”â”â”â”â”â”â”â”â”â”â”â”â”â”â”â”[0m[37mâ”â”[0m [1m3s[0m 5ms/step
[1m5636/6224[0m [32mâ”â”â”â”â”â”â”â”â”â”â”â”â”â”â”â”â”â”[0m[37mâ”â”[0m [1m3s[0m 5ms/step
[1m5645/6224[0m [32mâ”â”â”â”â”â”â”â”â”â”â”â”â”â”â”â”â”â”[0m[37mâ”â”[0m [1m3s[0m 5ms/step
[1m5653/6224[0m [32mâ”â”â”â”â”â”â”â”â”â”â”â”â”â”â”â”â”â”[0m[37mâ”â”[0m [1m3s[0m 5ms/step
[1m5661/6224[0m [32mâ”â”â”â”â”â”â”â”â”â”â”â”â”â”â”â”â”â”[0m[37mâ”â”[0m [1m2s[0m 5ms/step
[1m5669/6224[0m [32mâ”â”â”â”â”â”â”â”â”â”â”â”â”â”â”â”â”â”[0m[37mâ”â”[0m [1m2s[0m 5ms/step
[1m5677/6224[0m [32mâ”â”â”â”â”â”â”â”â”â”â”â”â”â”â”â”â”â”[0m[37mâ”â”[0m [1m2s[0m 5ms/step
[1m5686/6224[0m [32mâ”â”â”â”â”â”â”â”â”â”â”â”â”â”â”â”â”â”[0m[37mâ”â”[0m [1m2s[0m 5ms/step
[1m5694/6224[0m [32mâ”â”â”â”â”â”â”â”â”â”â”â”â”â”â”â”â”â”[0m[37mâ”â”[0m [1m2s[0m 5ms/step
[1m5699/6224[0m [32mâ”â”â”â”â”â”â”â”â”â”â”â”â”â”â”â”â”â”[0m[37mâ”â”[0m [1m2s[0m 5ms/step
[1m5705/6224[0m [32mâ”â”â”â”â”â”â”â”â”â”â”â”â”â”â”â”â”â”[0m[37mâ”â”[0m [1m2s[0m 5ms/step
[1m5713/6224[0m [32mâ”â”â”â”â”â”â”â”â”â”â”â”â”â”â”â”â”â”[0m[37mâ”â”[0m [1m2s[0m 5ms/step
[1m5721/6224[0m [32mâ”â”â”â”â”â”â”â”â”â”â”â”â”â”â”â”â”â”[0m[37mâ”â”[0m [1m2s[0m 5ms/step
[1m5730/6224[0m [32mâ”â”â”â”â”â”â”â”â”â”â”â”â”â”â”â”â”â”[0m[37mâ”â”[0m [1m2s[0m 5ms/step
[1m5738/6224[0m [32mâ”â”â”â”â”â”â”â”â”â”â”â”â”â”â”â”â”â”[0m[37mâ”â”[0m [1m2s[0m 5ms/step
[1m5748/6224[0m [32mâ”â”â”â”â”â”â”â”â”â”â”â”â”â”â”â”â”â”[0m[37mâ”â”[0m [1m2s[0m 5ms/step
[1m5757/6224[0m [32mâ”â”â”â”â”â”â”â”â”â”â”â”â”â”â”â”â”â”[0m[37mâ”â”[0m [1m2s[0m 5ms/step
[1m5764/6224[0m [32mâ”â”â”â”â”â”â”â”â”â”â”â”â”â”â”â”â”â”[0m[37mâ”â”[0m [1m2s[0m 5ms/step
[1m5771/6224[0m [32mâ”â”â”â”â”â”â”â”â”â”â”â”â”â”â”â”â”â”[0m[37mâ”â”[0m [1m2s[0m 5ms/step
[1m5779/6224[0m [32mâ”â”â”â”â”â”â”â”â”â”â”â”â”â”â”â”â”â”[0m[37mâ”â”[0m [1m2s[0m 5ms/step
[1m5787/6224[0m [32mâ”â”â”â”â”â”â”â”â”â”â”â”â”â”â”â”â”â”[0m[37mâ”â”[0m [1m2s[0m 5ms/step
[1m5794/6224[0m [32mâ”â”â”â”â”â”â”â”â”â”â”â”â”â”â”â”â”â”[0m[37mâ”â”[0m [1m2s[0m 5ms/step
[1m5801/6224[0m [32mâ”â”â”â”â”â”â”â”â”â”â”â”â”â”â”â”â”â”[0m[37mâ”â”[0m [1m2s[0m 5ms/step
[1m5809/6224[0m [32mâ”â”â”â”â”â”â”â”â”â”â”â”â”â”â”â”â”â”[0m[37mâ”â”[0m [1m2s[0m 5ms/step
[1m5817/6224[0m [32mâ”â”â”â”â”â”â”â”â”â”â”â”â”â”â”â”â”â”[0m[37mâ”â”[0m [1m2s[0m 5ms/step
[1m5825/6224[0m [32mâ”â”â”â”â”â”â”â”â”â”â”â”â”â”â”â”â”â”[0m[37mâ”â”[0m [1m2s[0m 5ms/step
[1m5832/6224[0m [32mâ”â”â”â”â”â”â”â”â”â”â”â”â”â”â”â”â”â”[0m[37mâ”â”[0m [1m2s[0m 5ms/step
[1m5841/6224[0m [32mâ”â”â”â”â”â”â”â”â”â”â”â”â”â”â”â”â”â”[0m[37mâ”â”[0m [1m2s[0m 5ms/step
[1m5849/6224[0m [32mâ”â”â”â”â”â”â”â”â”â”â”â”â”â”â”â”â”â”[0m[37mâ”â”[0m [1m2s[0m 5ms/step
[1m5858/6224[0m [32mâ”â”â”â”â”â”â”â”â”â”â”â”â”â”â”â”â”â”[0m[37mâ”â”[0m [1m1s[0m 5ms/step
[1m5867/6224[0m [32mâ”â”â”â”â”â”â”â”â”â”â”â”â”â”â”â”â”â”[0m[37mâ”â”[0m [1m1s[0m 5ms/step
[1m5876/6224[0m [32mâ”â”â”â”â”â”â”â”â”â”â”â”â”â”â”â”â”â”[0m[37mâ”â”[0m [1m1s[0m 5ms/step
[1m5884/6224[0m [32mâ”â”â”â”â”â”â”â”â”â”â”â”â”â”â”â”â”â”[0m[37mâ”â”[0m [1m1s[0m 5ms/step
[1m5892/6224[0m [32mâ”â”â”â”â”â”â”â”â”â”â”â”â”â”â”â”â”â”[0m[37mâ”â”[0m [1m1s[0m 5ms/step
[1m5901/6224[0m [32mâ”â”â”â”â”â”â”â”â”â”â”â”â”â”â”â”â”â”[0m[37mâ”â”[0m [1m1s[0m 5ms/step
[1m5910/6224[0m [32mâ”â”â”â”â”â”â”â”â”â”â”â”â”â”â”â”â”â”[0m[37mâ”â”[0m [1m1s[0m 5ms/step
[1m5919/6224[0m [32mâ”â”â”â”â”â”â”â”â”â”â”â”â”â”â”â”â”â”â”[0m[37mâ”[0m [1m1s[0m 5ms/step
[1m5928/6224[0m [32mâ”â”â”â”â”â”â”â”â”â”â”â”â”â”â”â”â”â”â”[0m[37mâ”[0m [1m1s[0m 5ms/step
[1m5938/6224[0m [32mâ”â”â”â”â”â”â”â”â”â”â”â”â”â”â”â”â”â”â”[0m[37mâ”[0m [1m1s[0m 5ms/step
[1m5943/6224[0m [32mâ”â”â”â”â”â”â”â”â”â”â”â”â”â”â”â”â”â”â”[0m[37mâ”[0m [1m1s[0m 5ms/step
[1m5950/6224[0m [32mâ”â”â”â”â”â”â”â”â”â”â”â”â”â”â”â”â”â”â”[0m[37mâ”[0m [1m1s[0m 5ms/step
[1m5959/6224[0m [32mâ”â”â”â”â”â”â”â”â”â”â”â”â”â”â”â”â”â”â”[0m[37mâ”[0m [1m1s[0m 5ms/step
[1m5967/6224[0m [32mâ”â”â”â”â”â”â”â”â”â”â”â”â”â”â”â”â”â”â”[0m[37mâ”[0m [1m1s[0m 5ms/step
[1m5975/6224[0m [32mâ”â”â”â”â”â”â”â”â”â”â”â”â”â”â”â”â”â”â”[0m[37mâ”[0m [1m1s[0m 5ms/step
[1m5983/6224[0m [32mâ”â”â”â”â”â”â”â”â”â”â”â”â”â”â”â”â”â”â”[0m[37mâ”[0m [1m1s[0m 5ms/step
[1m5991/6224[0m [32mâ”â”â”â”â”â”â”â”â”â”â”â”â”â”â”â”â”â”â”[0m[37mâ”[0m [1m1s[0m 5ms/step
[1m6000/6224[0m [32mâ”â”â”â”â”â”â”â”â”â”â”â”â”â”â”â”â”â”â”[0m[37mâ”[0m [1m1s[0m 5ms/step
[1m6009/6224[0m [32mâ”â”â”â”â”â”â”â”â”â”â”â”â”â”â”â”â”â”â”[0m[37mâ”[0m [1m1s[0m 5ms/step
[1m6018/6224[0m [32mâ”â”â”â”â”â”â”â”â”â”â”â”â”â”â”â”â”â”â”[0m[37mâ”[0m [1m1s[0m 5ms/step
[1m6027/6224[0m [32mâ”â”â”â”â”â”â”â”â”â”â”â”â”â”â”â”â”â”â”[0m[37mâ”[0m [1m1s[0m 5ms/step
[1m6035/6224[0m [32mâ”â”â”â”â”â”â”â”â”â”â”â”â”â”â”â”â”â”â”[0m[37mâ”[0m [1m1s[0m 5ms/step
[1m6044/6224[0m [32mâ”â”â”â”â”â”â”â”â”â”â”â”â”â”â”â”â”â”â”[0m[37mâ”[0m [1m0s[0m 5ms/step
[1m6052/6224[0m [32mâ”â”â”â”â”â”â”â”â”â”â”â”â”â”â”â”â”â”â”[0m[37mâ”[0m [1m0s[0m 5ms/step
[1m6061/6224[0m [32mâ”â”â”â”â”â”â”â”â”â”â”â”â”â”â”â”â”â”â”[0m[37mâ”[0m [1m0s[0m 5ms/step
[1m6070/6224[0m [32mâ”â”â”â”â”â”â”â”â”â”â”â”â”â”â”â”â”â”â”[0m[37mâ”[0m [1m0s[0m 5ms/step
[1m6079/6224[0m [32mâ”â”â”â”â”â”â”â”â”â”â”â”â”â”â”â”â”â”â”[0m[37mâ”[0m [1m0s[0m 5ms/step
[1m6088/6224[0m [32mâ”â”â”â”â”â”â”â”â”â”â”â”â”â”â”â”â”â”â”[0m[37mâ”[0m [1m0s[0m 5ms/step
[1m6098/6224[0m [32mâ”â”â”â”â”â”â”â”â”â”â”â”â”â”â”â”â”â”â”[0m[37mâ”[0m [1m0s[0m 5ms/step
[1m6108/6224[0m [32mâ”â”â”â”â”â”â”â”â”â”â”â”â”â”â”â”â”â”â”[0m[37mâ”[0m [1m0s[0m 5ms/step
[1m6118/6224[0m [32mâ”â”â”â”â”â”â”â”â”â”â”â”â”â”â”â”â”â”â”[0m[37mâ”[0m [1m0s[0m 5ms/step
[1m6129/6224[0m [32mâ”â”â”â”â”â”â”â”â”â”â”â”â”â”â”â”â”â”â”[0m[37mâ”[0m [1m0s[0m 5ms/step
[1m6140/6224[0m [32mâ”â”â”â”â”â”â”â”â”â”â”â”â”â”â”â”â”â”â”[0m[37mâ”[0m [1m0s[0m 5ms/step
[1m6151/6224[0m [32mâ”â”â”â”â”â”â”â”â”â”â”â”â”â”â”â”â”â”â”[0m[37mâ”[0m [1m0s[0m 5ms/step
[1m6161/6224[0m [32mâ”â”â”â”â”â”â”â”â”â”â”â”â”â”â”â”â”â”â”[0m[37mâ”[0m [1m0s[0m 5ms/step
[1m6172/6224[0m [32mâ”â”â”â”â”â”â”â”â”â”â”â”â”â”â”â”â”â”â”[0m[37mâ”[0m [1m0s[0m 5ms/step
[1m6181/6224[0m [32mâ”â”â”â”â”â”â”â”â”â”â”â”â”â”â”â”â”â”â”[0m[37mâ”[0m [1m0s[0m 5ms/step
[1m6189/6224[0m [32mâ”â”â”â”â”â”â”â”â”â”â”â”â”â”â”â”â”â”â”[0m[37mâ”[0m [1m0s[0m 5ms/step
[1m6197/6224[0m [32mâ”â”â”â”â”â”â”â”â”â”â”â”â”â”â”â”â”â”â”[0m[37mâ”[0m [1m0s[0m 5ms/step
[1m6206/6224[0m [32mâ”â”â”â”â”â”â”â”â”â”â”â”â”â”â”â”â”â”â”[0m[37mâ”[0m [1m0s[0m 5ms/step
[1m6215/6224[0m [32mâ”â”â”â”â”â”â”â”â”â”â”â”â”â”â”â”â”â”â”[0m[37mâ”[0m [1m0s[0m 5ms/step
[1m6224/6224[0m [32mâ”â”â”â”â”â”â”â”â”â”â”â”â”â”â”â”â”â”â”â”[0m[37m[0m [1m0s[0m 5ms/step
[1m6224/6224[0m [32mâ”â”â”â”â”â”â”â”â”â”â”â”â”â”â”â”â”â”â”â”[0m[37m[0m [1m34s[0m 5ms/step
